[ 2017-03-13T09:24:39+08:00 ] ::1 /travelWeb/index.php/Home/Index/getVerify
ERR: 非法操作:getVerify

[ 2017-03-13T09:47:02+08:00 ] ::1 /travelWeb/index.php/Home/Index/message/1
ERR: 参数错误或者未定义:id

[ 2017-03-13T09:47:13+08:00 ] ::1 /travelWeb/index.php/Home/Index/message/2
ERR: 参数错误或者未定义:id

[ 2017-03-13T10:40:28+08:00 ] ::1 /travelWeb/index.php/Home/Index/message/1
ERR: Think\Controller:_param方法不存在！

[ 2017-03-13T10:40:29+08:00 ] ::1 /travelWeb/index.php/Home/Index/message/1
ERR: Think\Controller:_param方法不存在！

[ 2017-03-13T10:41:37+08:00 ] ::1 /travelWeb/index.php/Home/Index/message/1
ERR: Think\Controller:_param方法不存在！

[ 2017-03-13T10:41:38+08:00 ] ::1 /travelWeb/index.php/Home/Index/message/1
ERR: Think\Controller:_param方法不存在！

[ 2017-03-13T10:41:38+08:00 ] ::1 /travelWeb/index.php/Home/Index/message/1
ERR: Think\Controller:_param方法不存在！

[ 2017-03-13T10:42:35+08:00 ] ::1 /travelWeb/index.php/Home/Index/message/'id='1
ERR: Think\Controller:_param方法不存在！

[ 2017-03-13T10:42:49+08:00 ] ::1 /travelWeb/index.php/Home/Index/message/'id='1
ERR: Think\Controller:_param方法不存在！

[ 2017-03-13T10:42:50+08:00 ] ::1 /travelWeb/index.php/Home/Index/message/'id='1
ERR: Think\Controller:_param方法不存在！

[ 2017-03-13T10:42:53+08:00 ] ::1 /travelWeb/index.php/Home/Index/message/id=1
ERR: Think\Controller:_param方法不存在！

[ 2017-03-13T16:16:16+08:00 ] ::1 /travelWeb/index.php/Home/Index/message/id=1
ERR: Think\Controller:_param方法不存在！

[ 2017-03-13T16:16:31+08:00 ] ::1 /travelWeb/index.php/Home/Index/message/1
ERR: Think\Controller:_param方法不存在！

[ 2017-03-13T16:27:35+08:00 ] ::1 /travelWeb/index.php/Home/Index/message?1
ERR: Think\Controller:_param方法不存在！

[ 2017-03-13T16:28:03+08:00 ] ::1 /travelWeb/index.php/Home/Index/message?id=1
ERR: Think\Controller:_get方法不存在！

