[ 2017-04-11T11:07:12+08:00 ] ::1 /travelWeb/index.php/Home/Index/function%20URL()%20%7B%20[native%20code]%20%7D/searchTips
INFO: [ app_begin ] --START--
INFO: Run Behavior\ReadHtmlCacheBehavior [ RunTime:0.000000s ]
INFO: [ app_begin ] --END-- [ RunTime:0.000000s ]
ERR: 非法操作:function URL() { [native code] }

[ 2017-04-11T11:07:58+08:00 ] ::1 /travelWeb/index.php/Home/Index/searchTips
INFO: [ app_begin ] --START--
INFO: Run Behavior\ReadHtmlCacheBehavior [ RunTime:0.000000s ]
INFO: [ app_begin ] --END-- [ RunTime:0.000000s ]
SQL: SHOW COLUMNS FROM `tips` [ RunTime:0.0000s ]
SQL: SELECT * FROM `tips` WHERE `tips_title` LIKE '%123%'  [ RunTime:0.0468s ]

[ 2017-04-11T11:09:43+08:00 ] ::1 /travelWeb/index.php/Home/Index/searchTips
INFO: [ app_begin ] --START--
INFO: Run Behavior\ReadHtmlCacheBehavior [ RunTime:0.000000s ]
INFO: [ app_begin ] --END-- [ RunTime:0.000000s ]
SQL: SHOW COLUMNS FROM `tips` [ RunTime:0.0000s ]
SQL: SELECT * FROM `tips` WHERE `tips_title` LIKE '%123%'  [ RunTime:0.0000s ]

[ 2017-04-11T11:10:11+08:00 ] ::1 /travelWeb/index.php/Home/Index/searchTips
INFO: [ app_begin ] --START--
INFO: Run Behavior\ReadHtmlCacheBehavior [ RunTime:0.000000s ]
INFO: [ app_begin ] --END-- [ RunTime:0.000000s ]
SQL: SHOW COLUMNS FROM `tips` [ RunTime:0.0312s ]
SQL: SELECT * FROM `tips` WHERE `tips_title` LIKE '%213%'  [ RunTime:0.0000s ]

[ 2017-04-11T11:10:16+08:00 ] ::1 /travelWeb/index.php/Home/Index/searchTips
INFO: [ app_begin ] --START--
INFO: Run Behavior\ReadHtmlCacheBehavior [ RunTime:0.000000s ]
INFO: [ app_begin ] --END-- [ RunTime:0.000000s ]
SQL: SHOW COLUMNS FROM `tips` [ RunTime:0.0000s ]
SQL: SELECT * FROM `tips` WHERE `tips_title` LIKE '%213%'  [ RunTime:0.0000s ]

[ 2017-04-11T11:10:19+08:00 ] ::1 /travelWeb/index.php/Home/Index/searchTips
INFO: [ app_begin ] --START--
INFO: Run Behavior\ReadHtmlCacheBehavior [ RunTime:0.000000s ]
INFO: [ app_begin ] --END-- [ RunTime:0.000000s ]
SQL: SHOW COLUMNS FROM `tips` [ RunTime:0.0000s ]
SQL: SELECT * FROM `tips` WHERE `tips_title` LIKE '%清明%'  [ RunTime:0.0000s ]

[ 2017-04-11T11:10:20+08:00 ] ::1 /travelWeb/index.php/Home/Index/searchTips
INFO: [ app_begin ] --START--
INFO: Run Behavior\ReadHtmlCacheBehavior [ RunTime:0.000000s ]
INFO: [ app_begin ] --END-- [ RunTime:0.000000s ]
SQL: SHOW COLUMNS FROM `tips` [ RunTime:0.0000s ]
SQL: SELECT * FROM `tips` WHERE `tips_title` LIKE '%清明%'  [ RunTime:0.0000s ]

[ 2017-04-11T11:10:20+08:00 ] ::1 /travelWeb/index.php/Home/Index/searchTips
INFO: [ app_begin ] --START--
INFO: Run Behavior\ReadHtmlCacheBehavior [ RunTime:0.000000s ]
INFO: [ app_begin ] --END-- [ RunTime:0.000000s ]
SQL: SHOW COLUMNS FROM `tips` [ RunTime:0.0156s ]
SQL: SELECT * FROM `tips` WHERE `tips_title` LIKE '%清明%'  [ RunTime:0.0000s ]

[ 2017-04-11T11:10:21+08:00 ] ::1 /travelWeb/index.php/Home/Index/searchTips
INFO: [ app_begin ] --START--
INFO: Run Behavior\ReadHtmlCacheBehavior [ RunTime:0.000000s ]
INFO: [ app_begin ] --END-- [ RunTime:0.000000s ]
SQL: SHOW COLUMNS FROM `tips` [ RunTime:0.0000s ]
SQL: SELECT * FROM `tips` WHERE `tips_title` LIKE '%清明%'  [ RunTime:0.0000s ]

[ 2017-04-11T16:57:04+08:00 ] ::1 /travelWeb/index.php/Home/Index/searchTips
INFO: [ app_begin ] --START--
INFO: Run Behavior\ReadHtmlCacheBehavior [ RunTime:0.015600s ]
INFO: [ app_begin ] --END-- [ RunTime:0.015600s ]
SQL: SHOW COLUMNS FROM `tips` [ RunTime:0.0156s ]
SQL: SELECT * FROM `tips` WHERE `tips_title` LIKE '%123%'  [ RunTime:0.0000s ]

[ 2017-04-11T16:57:12+08:00 ] ::1 /travelWeb/index.php/Home/Index/searchTips
INFO: [ app_begin ] --START--
INFO: Run Behavior\ReadHtmlCacheBehavior [ RunTime:0.000000s ]
INFO: [ app_begin ] --END-- [ RunTime:0.000000s ]
SQL: SHOW COLUMNS FROM `tips` [ RunTime:0.0156s ]
SQL: SELECT * FROM `tips` WHERE `tips_title` LIKE '%清明%'  [ RunTime:0.0000s ]

[ 2017-04-11T16:59:04+08:00 ] ::1 /travelWeb/index.php/Home/Index/searchTips
INFO: [ app_begin ] --START--
INFO: Run Behavior\ReadHtmlCacheBehavior [ RunTime:0.003000s ]
INFO: [ app_begin ] --END-- [ RunTime:0.005000s ]
SQL: SHOW COLUMNS FROM `tips` [ RunTime:0.0100s ]
SQL: SELECT * FROM `tips` WHERE `tips_title` LIKE '%123%'  [ RunTime:0.0000s ]

[ 2017-04-11T16:59:04+08:00 ] ::1 /travelWeb/index.php/Home/Index/searchTips
INFO: [ app_begin ] --START--
INFO: Run Behavior\ReadHtmlCacheBehavior [ RunTime:0.002500s ]
INFO: [ app_begin ] --END-- [ RunTime:0.002500s ]
SQL: SHOW COLUMNS FROM `tips` [ RunTime:0.0330s ]
SQL: SELECT * FROM `tips` WHERE `tips_title` LIKE '%123%'  [ RunTime:0.0040s ]

[ 2017-04-11T16:59:04+08:00 ] ::1 /travelWeb/index.php/Home/Index/searchTips
INFO: [ app_begin ] --START--
INFO: Run Behavior\ReadHtmlCacheBehavior [ RunTime:0.000000s ]
INFO: [ app_begin ] --END-- [ RunTime:0.002500s ]
SQL: SHOW COLUMNS FROM `tips` [ RunTime:0.0060s ]
SQL: SELECT * FROM `tips` WHERE `tips_title` LIKE '%123%'  [ RunTime:0.0000s ]

[ 2017-04-11T16:59:04+08:00 ] ::1 /travelWeb/index.php/Home/Index/searchTips
INFO: [ app_begin ] --START--
INFO: Run Behavior\ReadHtmlCacheBehavior [ RunTime:0.000000s ]
INFO: [ app_begin ] --END-- [ RunTime:0.002500s ]
SQL: SHOW COLUMNS FROM `tips` [ RunTime:0.0070s ]
SQL: SELECT * FROM `tips` WHERE `tips_title` LIKE '%123%'  [ RunTime:0.0000s ]

[ 2017-04-11T16:59:04+08:00 ] ::1 /travelWeb/index.php/Home/Index/searchTips
INFO: [ app_begin ] --START--
INFO: Run Behavior\ReadHtmlCacheBehavior [ RunTime:0.000000s ]
INFO: [ app_begin ] --END-- [ RunTime:0.000000s ]
SQL: SHOW COLUMNS FROM `tips` [ RunTime:0.0075s ]
SQL: SELECT * FROM `tips` WHERE `tips_title` LIKE '%123%'  [ RunTime:0.0020s ]

[ 2017-04-11T16:59:04+08:00 ] ::1 /travelWeb/index.php/Home/Index/searchTips
INFO: [ app_begin ] --START--
INFO: Run Behavior\ReadHtmlCacheBehavior [ RunTime:0.000000s ]
INFO: [ app_begin ] --END-- [ RunTime:0.000000s ]
SQL: SHOW COLUMNS FROM `tips` [ RunTime:0.0050s ]
SQL: SELECT * FROM `tips` WHERE `tips_title` LIKE '%123%'  [ RunTime:0.0000s ]

[ 2017-04-11T16:59:07+08:00 ] ::1 /travelWeb/index.php/Home/Index/searchTips
INFO: [ app_begin ] --START--
INFO: Run Behavior\ReadHtmlCacheBehavior [ RunTime:0.015600s ]
INFO: [ app_begin ] --END-- [ RunTime:0.015600s ]
SQL: SHOW COLUMNS FROM `tips` [ RunTime:0.0000s ]
SQL: SELECT * FROM `tips` WHERE `tips_title` LIKE '%123%'  [ RunTime:0.0156s ]

[ 2017-04-11T16:59:15+08:00 ] ::1 /travelWeb/index.php/Home/Index/searchTips
INFO: [ app_begin ] --START--
INFO: Run Behavior\ReadHtmlCacheBehavior [ RunTime:0.015600s ]
INFO: [ app_begin ] --END-- [ RunTime:0.015600s ]
SQL: SHOW COLUMNS FROM `tips` [ RunTime:0.0000s ]
SQL: SELECT * FROM `tips` WHERE `tips_title` LIKE '%清明%'  [ RunTime:0.0000s ]

[ 2017-04-11T16:59:27+08:00 ] ::1 /travelWeb/index.php/Home/Index/searchTips
INFO: [ app_begin ] --START--
INFO: Run Behavior\ReadHtmlCacheBehavior [ RunTime:0.000000s ]
INFO: [ app_begin ] --END-- [ RunTime:0.000000s ]
SQL: SHOW COLUMNS FROM `tips` [ RunTime:0.0000s ]
SQL: SELECT * FROM `tips` WHERE `tips_title` LIKE '%手机%'  [ RunTime:0.0000s ]

[ 2017-04-11T17:02:50+08:00 ] ::1 /travelWeb/index.php/Home/Index/checkLogin
INFO: [ app_begin ] --START--
INFO: Run Behavior\ReadHtmlCacheBehavior [ RunTime:0.000000s ]
INFO: [ app_begin ] --END-- [ RunTime:0.000000s ]
SQL: SHOW COLUMNS FROM `users` [ RunTime:0.0000s ]
SQL: SELECT * FROM `users` WHERE `username` = 'haha' LIMIT 1   [ RunTime:0.0000s ]

[ 2017-04-11T17:03:00+08:00 ] ::1 /travelWeb/index.php/Home/Index/checkLogin
INFO: [ app_begin ] --START--
INFO: Run Behavior\ReadHtmlCacheBehavior [ RunTime:0.000000s ]
INFO: [ app_begin ] --END-- [ RunTime:0.000000s ]
SQL: SHOW COLUMNS FROM `users` [ RunTime:0.0156s ]
SQL: SELECT * FROM `users` WHERE `username` = 'haha' LIMIT 1   [ RunTime:0.0000s ]

[ 2017-04-11T17:23:05+08:00 ] ::1 /travelWeb/index.php/Home/Index/checkLogin
INFO: [ app_begin ] --START--
INFO: Run Behavior\ReadHtmlCacheBehavior [ RunTime:0.000000s ]
INFO: [ app_begin ] --END-- [ RunTime:0.000000s ]
SQL: SHOW COLUMNS FROM `users` [ RunTime:0.0000s ]
SQL: SELECT * FROM `users` WHERE `username` = 'haha' LIMIT 1   [ RunTime:0.0000s ]

[ 2017-04-11T17:23:09+08:00 ] ::1 /travelWeb/index.php/Home/Index/checkLogin
INFO: [ app_begin ] --START--
INFO: Run Behavior\ReadHtmlCacheBehavior [ RunTime:0.000000s ]
INFO: [ app_begin ] --END-- [ RunTime:0.000000s ]
SQL: SHOW COLUMNS FROM `users` [ RunTime:0.0000s ]
SQL: SELECT * FROM `users` WHERE `username` = 'haha' LIMIT 1   [ RunTime:0.0000s ]

[ 2017-04-11T17:25:44+08:00 ] ::1 /travelWeb/index.php/Home/Index/user
ERR: 非法操作:user

[ 2017-04-11T17:33:53+08:00 ] ::1 /travelWeb/index.php/Home/Index/checkLogin
INFO: [ app_begin ] --START--
INFO: Run Behavior\ReadHtmlCacheBehavior [ RunTime:0.015600s ]
INFO: [ app_begin ] --END-- [ RunTime:0.015600s ]
SQL: SHOW COLUMNS FROM `users` [ RunTime:0.0156s ]
SQL: SELECT * FROM `users` WHERE `username` = 'haha' LIMIT 1   [ RunTime:0.0000s ]

