[ 2017-04-17T14:33:04+08:00 ] ::1 /travelWeb/index.php/Home/Index/checkLogin
INFO: [ app_begin ] --START--
INFO: Run Behavior\ReadHtmlCacheBehavior [ RunTime:0.001000s ]
INFO: [ app_begin ] --END-- [ RunTime:0.001000s ]
SQL: SHOW COLUMNS FROM `users` [ RunTime:0.7176s ]
SQL: SELECT * FROM `users` WHERE `username` = 'Anna' LIMIT 1   [ RunTime:0.1716s ]

[ 2017-04-17T14:33:46+08:00 ] ::1 /travelWeb/index.php/Home/Index/function%20URL()%20%7B%20[native%20code]%20%7D/addPost
INFO: [ app_begin ] --START--
INFO: Run Behavior\ReadHtmlCacheBehavior [ RunTime:0.000000s ]
INFO: [ app_begin ] --END-- [ RunTime:0.001000s ]
ERR: 非法操作:function URL() { [native code] }

[ 2017-04-17T14:41:49+08:00 ] ::1 /travelWeb/index.php/Home/Index/function%20URL()%20%7B%20[native%20code]%20%7D/addPost
INFO: [ app_begin ] --START--
INFO: Run Behavior\ReadHtmlCacheBehavior [ RunTime:0.001000s ]
INFO: [ app_begin ] --END-- [ RunTime:0.001000s ]
ERR: 非法操作:function URL() { [native code] }

[ 2017-04-17T14:43:03+08:00 ] ::1 /travelWeb/index.php/Home/Index/addPost
INFO: [ app_begin ] --START--
INFO: Run Behavior\ReadHtmlCacheBehavior [ RunTime:0.001000s ]
INFO: [ app_begin ] --END-- [ RunTime:0.001000s ]
SQL: SHOW COLUMNS FROM `posts` [ RunTime:0.0960s ]
SQL: INSERT INTO `posts` (`posts_title`,`posts_content`,`posts_author`,`posts_time`) VALUES ('我来发个帖子','<p>这是内容这是内容这是内容这是内容这是内容</p>','Anna','2017-04-17 14:43:03') [ RunTime:0.4292s ]

[ 2017-04-17T18:56:34+08:00 ] ::1 /travelWeb/index.php/Home/Index/checkLogin
INFO: [ app_begin ] --START--
INFO: Run Behavior\ReadHtmlCacheBehavior [ RunTime:0.000000s ]
INFO: [ app_begin ] --END-- [ RunTime:0.000000s ]
SQL: SHOW COLUMNS FROM `users` [ RunTime:0.0025s ]
SQL: SELECT * FROM `users` WHERE `username` = 'Anna' LIMIT 1   [ RunTime:0.0568s ]

[ 2017-04-17T18:56:45+08:00 ] ::1 /travelWeb/index.php/Home/Index/function%20URL()%20%7B%20[native%20code]%20%7D/addCom
INFO: [ app_begin ] --START--
INFO: Run Behavior\ReadHtmlCacheBehavior [ RunTime:0.005000s ]
INFO: [ app_begin ] --END-- [ RunTime:0.005000s ]
ERR: 非法操作:function URL() { [native code] }

[ 2017-04-17T19:00:20+08:00 ] ::1 /travelWeb/index.php/Home/Index/function%20URL()%20%7B%20[native%20code]%20%7D/addCom
INFO: [ app_begin ] --START--
INFO: Run Behavior\ReadHtmlCacheBehavior [ RunTime:0.002500s ]
INFO: [ app_begin ] --END-- [ RunTime:0.002500s ]
ERR: 非法操作:function URL() { [native code] }

[ 2017-04-17T19:00:58+08:00 ] ::1 /travelWeb/index.php/Home/Index/addCom
INFO: [ app_begin ] --START--
INFO: Run Behavior\ReadHtmlCacheBehavior [ RunTime:0.000000s ]
INFO: [ app_begin ] --END-- [ RunTime:0.002500s ]
SQL: SHOW COLUMNS FROM `comments` [ RunTime:0.0000s ]
SQL: INSERT INTO `comments` (`com_content`,`posts_id`,`user_id`) VALUES ('','1','5') [ RunTime:0.5086s ]

[ 2017-04-17T19:04:00+08:00 ] ::1 /travelWeb/index.php/Home/Index/addCom
INFO: [ app_begin ] --START--
INFO: Run Behavior\ReadHtmlCacheBehavior [ RunTime:0.001000s ]
INFO: [ app_begin ] --END-- [ RunTime:0.002000s ]
SQL: SHOW COLUMNS FROM `comments` [ RunTime:0.0040s ]
SQL: INSERT INTO `comments` (`com_content`,`posts_id`,`user_id`,`comments_time`) VALUES ('','1','5','2017-04-17 19:04:00') [ RunTime:0.1090s ]

[ 2017-04-17T19:05:22+08:00 ] ::1 /travelWeb/index.php/Home/Index/addCom
INFO: [ app_begin ] --START--
INFO: Run Behavior\ReadHtmlCacheBehavior [ RunTime:0.001000s ]
INFO: [ app_begin ] --END-- [ RunTime:0.002000s ]
SQL: SHOW COLUMNS FROM `comments` [ RunTime:0.0040s ]
SQL: INSERT INTO `comments` (`com_content`,`posts_id`,`user_id`,`comments_time`) VALUES ('good job!','1','5','2017-04-17 19:05:22') [ RunTime:0.0040s ]

[ 2017-04-17T19:36:28+08:00 ] ::1 /travelWeb/index.php/Home/Index/addCom
INFO: [ app_begin ] --START--
INFO: Run Behavior\ReadHtmlCacheBehavior [ RunTime:0.001000s ]
INFO: [ app_begin ] --END-- [ RunTime:0.002000s ]
SQL: SHOW COLUMNS FROM `comments` [ RunTime:0.0000s ]
SQL: INSERT INTO `comments` (`com_content`,`posts_id`,`user_id`,`comments_time`) VALUES ('good job!','1','5','2017-04-17 19:36:27') [ RunTime:0.0286s ]

[ 2017-04-17T19:37:42+08:00 ] ::1 /travelWeb/index.php/Home/Index/addPost
INFO: [ app_begin ] --START--
INFO: Run Behavior\ReadHtmlCacheBehavior [ RunTime:0.001000s ]
INFO: [ app_begin ] --END-- [ RunTime:0.002000s ]
SQL: SHOW COLUMNS FROM `posts` [ RunTime:0.0000s ]
SQL: INSERT INTO `posts` (`posts_title`,`posts_content`,`posts_author`,`posts_time`) VALUES ('测试一下','<p>测试内容测试内容测试内容测试内容测试内容测试内容测试内容测试内容测试内容</p>','Anna','2017-04-17 19:37:42') [ RunTime:0.0780s ]

[ 2017-04-17T19:39:12+08:00 ] ::1 /travelWeb/index.php/Home/Index/addCom
INFO: [ app_begin ] --START--
INFO: Run Behavior\ReadHtmlCacheBehavior [ RunTime:0.000000s ]
INFO: [ app_begin ] --END-- [ RunTime:0.000000s ]
SQL: SHOW COLUMNS FROM `comments` [ RunTime:0.0020s ]
SQL: INSERT INTO `comments` (`com_content`,`posts_id`,`user_id`,`comments_time`) VALUES ('success','2','5','2017-04-17 19:39:12') [ RunTime:0.0156s ]

[ 2017-04-17T19:40:14+08:00 ] ::1 /travelWeb/index.php/Home/Index/checkLogin
INFO: [ app_begin ] --START--
INFO: Run Behavior\ReadHtmlCacheBehavior [ RunTime:0.000000s ]
INFO: [ app_begin ] --END-- [ RunTime:0.000000s ]
SQL: SHOW COLUMNS FROM `users` [ RunTime:0.0000s ]
SQL: SELECT * FROM `users` WHERE `username` = 'abc' LIMIT 1   [ RunTime:0.0000s ]

[ 2017-04-17T19:40:54+08:00 ] ::1 /travelWeb/index.php/Home/Index/addPost
INFO: [ app_begin ] --START--
INFO: Run Behavior\ReadHtmlCacheBehavior [ RunTime:0.001000s ]
INFO: [ app_begin ] --END-- [ RunTime:0.001000s ]
SQL: SHOW COLUMNS FROM `posts` [ RunTime:0.0040s ]
SQL: INSERT INTO `posts` (`posts_title`,`posts_content`,`posts_author`,`posts_time`) VALUES ('Hello','<p>This is content</p><p>This is content</p><p>This is content</p>','abc','2017-04-17 19:40:54') [ RunTime:0.0060s ]

[ 2017-04-17T19:41:05+08:00 ] ::1 /travelWeb/index.php/Home/Index/addCom
INFO: [ app_begin ] --START--
INFO: Run Behavior\ReadHtmlCacheBehavior [ RunTime:0.000000s ]
INFO: [ app_begin ] --END-- [ RunTime:0.000000s ]
SQL: SHOW COLUMNS FROM `comments` [ RunTime:0.0000s ]
SQL: INSERT INTO `comments` (`com_content`,`posts_id`,`user_id`,`comments_time`) VALUES ('hello','3','1','2017-04-17 19:41:05') [ RunTime:0.0156s ]

[ 2017-04-17T19:41:21+08:00 ] ::1 /travelWeb/index.php/Home/Index/addCom
INFO: [ app_begin ] --START--
INFO: Run Behavior\ReadHtmlCacheBehavior [ RunTime:0.000000s ]
INFO: [ app_begin ] --END-- [ RunTime:0.000000s ]
SQL: SHOW COLUMNS FROM `comments` [ RunTime:0.0000s ]
SQL: INSERT INTO `comments` (`com_content`,`posts_id`,`user_id`,`comments_time`) VALUES ('hello','1','1','2017-04-17 19:41:21') [ RunTime:0.0000s ]

[ 2017-04-17T21:12:03+08:00 ] ::1 /travelWeb/index.php/Home/Index/addPost
INFO: [ app_begin ] --START--
INFO: Run Behavior\ReadHtmlCacheBehavior [ RunTime:0.000000s ]
INFO: [ app_begin ] --END-- [ RunTime:0.000000s ]
SQL: SHOW COLUMNS FROM `posts` [ RunTime:0.0156s ]
SQL: INSERT INTO `posts` (`posts_title`,`posts_content`,`posts_author`,`posts_time`) VALUES ('hahaha','<p>请输入内容...</p>','abc','2017-04-17 21:12:03') [ RunTime:0.0312s ]

[ 2017-04-17T21:12:21+08:00 ] ::1 /travelWeb/index.php/Home/Index/addCom
INFO: [ app_begin ] --START--
INFO: Run Behavior\ReadHtmlCacheBehavior [ RunTime:0.000000s ]
INFO: [ app_begin ] --END-- [ RunTime:0.000000s ]
SQL: SHOW COLUMNS FROM `comments` [ RunTime:0.0000s ]
SQL: INSERT INTO `comments` (`com_content`,`posts_id`,`user_id`,`comments_time`) VALUES ('hello','4','1','2017-04-17 21:12:21') [ RunTime:0.0156s ]

[ 2017-04-17T21:26:13+08:00 ] ::1 /travelWeb/index.php/Home/Index/addPost
INFO: [ app_begin ] --START--
INFO: Run Behavior\ReadHtmlCacheBehavior [ RunTime:0.000000s ]
INFO: [ app_begin ] --END-- [ RunTime:0.002500s ]
SQL: SHOW COLUMNS FROM `posts` [ RunTime:0.0000s ]
SQL: INSERT INTO `posts` (`posts_title`,`posts_content`,`posts_author`,`posts_time`) VALUES ('求告知怎么去武功山','<p>急，在线等！</p>','abc','2017-04-17 21:26:13') [ RunTime:0.0156s ]

[ 2017-04-17T21:26:54+08:00 ] ::1 /travelWeb/index.php/Home/Index/addPost
INFO: [ app_begin ] --START--
INFO: Run Behavior\ReadHtmlCacheBehavior [ RunTime:0.002500s ]
INFO: [ app_begin ] --END-- [ RunTime:0.005000s ]
SQL: SHOW COLUMNS FROM `posts` [ RunTime:0.0000s ]
SQL: INSERT INTO `posts` (`posts_title`,`posts_content`,`posts_author`,`posts_time`) VALUES ('凑个热闹','<p>哈哈哈哈哈</p>','abc','2017-04-17 21:26:54') [ RunTime:0.0156s ]

[ 2017-04-17T21:27:15+08:00 ] ::1 /travelWeb/index.php/Home/Index/addCom
INFO: [ app_begin ] --START--
INFO: Run Behavior\ReadHtmlCacheBehavior [ RunTime:0.000000s ]
INFO: [ app_begin ] --END-- [ RunTime:0.000000s ]
SQL: SHOW COLUMNS FROM `comments` [ RunTime:0.0000s ]
SQL: INSERT INTO `comments` (`com_content`,`posts_id`,`user_id`,`comments_time`) VALUES ('哈哈','6','1','2017-04-17 21:27:15') [ RunTime:0.0000s ]

[ 2017-04-17T22:04:50+08:00 ] ::1 /travelWeb/index.php/Home/Index/addCom
INFO: [ app_begin ] --START--
INFO: Run Behavior\ReadHtmlCacheBehavior [ RunTime:0.000000s ]
INFO: [ app_begin ] --END-- [ RunTime:0.000000s ]
SQL: SHOW COLUMNS FROM `comments` [ RunTime:0.0000s ]
SQL: INSERT INTO `comments` (`com_content`,`posts_id`,`user_id`,`comments_time`) VALUES ('哈哈','3','1','2017-04-17 22:04:50') [ RunTime:0.0312s ]

[ 2017-04-17T22:05:01+08:00 ] ::1 /travelWeb/index.php/Home/Index/addCom
INFO: [ app_begin ] --START--
INFO: Run Behavior\ReadHtmlCacheBehavior [ RunTime:0.000000s ]
INFO: [ app_begin ] --END-- [ RunTime:0.000000s ]
SQL: SHOW COLUMNS FROM `comments` [ RunTime:0.0156s ]
SQL: INSERT INTO `comments` (`com_content`,`posts_id`,`user_id`,`comments_time`) VALUES ('good job!','3','1','2017-04-17 22:05:01') [ RunTime:0.0000s ]

[ 2017-04-17T22:05:14+08:00 ] ::1 /travelWeb/index.php/Home/Index/addCom
INFO: [ app_begin ] --START--
INFO: Run Behavior\ReadHtmlCacheBehavior [ RunTime:0.000000s ]
INFO: [ app_begin ] --END-- [ RunTime:0.015600s ]
SQL: SHOW COLUMNS FROM `comments` [ RunTime:0.0156s ]
SQL: INSERT INTO `comments` (`com_content`,`posts_id`,`user_id`,`comments_time`) VALUES ('不错','3','1','2017-04-17 22:05:14') [ RunTime:0.0156s ]

[ 2017-04-17T22:05:19+08:00 ] ::1 /travelWeb/index.php/Home/Index/addCom
INFO: [ app_begin ] --START--
INFO: Run Behavior\ReadHtmlCacheBehavior [ RunTime:0.000000s ]
INFO: [ app_begin ] --END-- [ RunTime:0.000000s ]
SQL: SHOW COLUMNS FROM `comments` [ RunTime:0.0000s ]
SQL: INSERT INTO `comments` (`com_content`,`posts_id`,`user_id`,`comments_time`) VALUES ('可以的','3','1','2017-04-17 22:05:19') [ RunTime:0.0156s ]

[ 2017-04-17T22:05:26+08:00 ] ::1 /travelWeb/index.php/Home/Index/addCom
INFO: [ app_begin ] --START--
INFO: Run Behavior\ReadHtmlCacheBehavior [ RunTime:0.000000s ]
INFO: [ app_begin ] --END-- [ RunTime:0.000000s ]
SQL: SHOW COLUMNS FROM `comments` [ RunTime:0.0000s ]
SQL: INSERT INTO `comments` (`com_content`,`posts_id`,`user_id`,`comments_time`) VALUES ('加油','3','1','2017-04-17 22:05:26') [ RunTime:0.0000s ]

