[ 2017-04-15T07:55:55+08:00 ] ::1 /travelWeb/index.php/Home/Index/checkLogin
INFO: [ app_begin ] --START--
INFO: Run Behavior\ReadHtmlCacheBehavior [ RunTime:0.000000s ]
INFO: [ app_begin ] --END-- [ RunTime:0.000000s ]
SQL: SHOW COLUMNS FROM `users` [ RunTime:0.0624s ]
SQL: SELECT * FROM `users` WHERE `username` = 'haha' LIMIT 1   [ RunTime:0.0468s ]

[ 2017-04-15T13:19:43+08:00 ] ::1 /travelWeb/index.php/Home/Index/checkLogin
INFO: [ app_begin ] --START--
INFO: Run Behavior\ReadHtmlCacheBehavior [ RunTime:0.015600s ]
INFO: [ app_begin ] --END-- [ RunTime:0.015600s ]
SQL: SHOW COLUMNS FROM `users` [ RunTime:0.0156s ]
SQL: SELECT * FROM `users` WHERE `username` = 'haha' LIMIT 1   [ RunTime:0.0000s ]

[ 2017-04-15T15:51:42+08:00 ] ::1 /travelWeb/index.php/Home/Index/checkLogin
INFO: [ app_begin ] --START--
INFO: Run Behavior\ReadHtmlCacheBehavior [ RunTime:0.000000s ]
INFO: [ app_begin ] --END-- [ RunTime:0.000000s ]
SQL: SHOW COLUMNS FROM `users` [ RunTime:0.0156s ]
SQL: SELECT * FROM `users` WHERE `username` = 'haha' LIMIT 1   [ RunTime:0.0000s ]

[ 2017-04-15T16:09:04+08:00 ] ::1 /travelWeb/index.php/Home/Index/editPwd
INFO: [ app_begin ] --START--
INFO: Run Behavior\ReadHtmlCacheBehavior [ RunTime:0.001000s ]
INFO: [ app_begin ] --END-- [ RunTime:0.002000s ]
SQL: SHOW COLUMNS FROM `users` [ RunTime:0.0040s ]
SQL: SELECT * FROM `users` WHERE `username` = 'haha' LIMIT 1   [ RunTime:0.0000s ]

[ 2017-04-15T16:13:14+08:00 ] ::1 /travelWeb/index.php/Home/Index/editPwd
INFO: [ app_begin ] --START--
INFO: Run Behavior\ReadHtmlCacheBehavior [ RunTime:0.000000s ]
INFO: [ app_begin ] --END-- [ RunTime:0.002001s ]
SQL: SHOW COLUMNS FROM `users` [ RunTime:0.0150s ]
SQL: SELECT * FROM `users` WHERE `username` = 'haha' LIMIT 1   [ RunTime:0.0010s ]
SQL: UPDATE `users` SET `pwd`='55555' WHERE `username` = 'haha' [ RunTime:0.4860s ]

[ 2017-04-15T17:46:12+08:00 ] ::1 /travelWeb/index.php/Home/Index/editInfo
INFO: [ app_begin ] --START--
INFO: Run Behavior\ReadHtmlCacheBehavior [ RunTime:0.001000s ]
INFO: [ app_begin ] --END-- [ RunTime:0.002000s ]

[ 2017-04-15T19:41:17+08:00 ] ::1 /travelWeb/index.php/Home/Index/editInfo
INFO: [ app_begin ] --START--
INFO: Run Behavior\ReadHtmlCacheBehavior [ RunTime:0.001001s ]
INFO: [ app_begin ] --END-- [ RunTime:0.002001s ]

[ 2017-04-15T19:41:39+08:00 ] ::1 /travelWeb/index.php/Home/Index/editInfo
INFO: [ app_begin ] --START--
INFO: Run Behavior\ReadHtmlCacheBehavior [ RunTime:0.000000s ]
INFO: [ app_begin ] --END-- [ RunTime:0.000000s ]

[ 2017-04-15T19:42:01+08:00 ] ::1 /travelWeb/index.php/Home/Index/editInfo
INFO: [ app_begin ] --START--
INFO: Run Behavior\ReadHtmlCacheBehavior [ RunTime:0.001000s ]
INFO: [ app_begin ] --END-- [ RunTime:0.002000s ]

[ 2017-04-15T19:42:17+08:00 ] ::1 /travelWeb/index.php/Home/Index/editInfo
INFO: [ app_begin ] --START--
INFO: Run Behavior\ReadHtmlCacheBehavior [ RunTime:0.001000s ]
INFO: [ app_begin ] --END-- [ RunTime:0.002000s ]

[ 2017-04-15T19:42:22+08:00 ] ::1 /travelWeb/index.php/Home/Index/editInfo
INFO: [ app_begin ] --START--
INFO: Run Behavior\ReadHtmlCacheBehavior [ RunTime:0.000000s ]
INFO: [ app_begin ] --END-- [ RunTime:0.000000s ]

[ 2017-04-15T20:33:21+08:00 ] ::1 /travelWeb/index.php/Home/Index/upload
INFO: [ app_begin ] --START--
INFO: Run Behavior\ReadHtmlCacheBehavior [ RunTime:0.002000s ]
INFO: [ app_begin ] --END-- [ RunTime:0.002000s ]
NOTIC: [2] call_user_func() expects parameter 1 to be a valid callback, no array or string given D:\wamp\www\travelWeb\ThinkPHP\Library\Think\Upload.class.php 第 170 行.

[ 2017-04-15T20:33:49+08:00 ] ::1 /travelWeb/index.php/Home/Index/upload
INFO: [ app_begin ] --START--
INFO: Run Behavior\ReadHtmlCacheBehavior [ RunTime:0.001000s ]
INFO: [ app_begin ] --END-- [ RunTime:0.002000s ]

[ 2017-04-15T20:34:02+08:00 ] ::1 /travelWeb/index.php/Home/Index/upload
INFO: [ app_begin ] --START--
INFO: Run Behavior\ReadHtmlCacheBehavior [ RunTime:0.001000s ]
INFO: [ app_begin ] --END-- [ RunTime:0.002000s ]

[ 2017-04-15T20:34:24+08:00 ] ::1 /travelWeb/index.php/Home/Index/upload
INFO: [ app_begin ] --START--
INFO: Run Behavior\ReadHtmlCacheBehavior [ RunTime:0.001000s ]
INFO: [ app_begin ] --END-- [ RunTime:0.001000s ]
NOTIC: [2] call_user_func() expects parameter 1 to be a valid callback, no array or string given D:\wamp\www\travelWeb\ThinkPHP\Library\Think\Upload.class.php 第 170 行.

[ 2017-04-15T20:34:42+08:00 ] ::1 /travelWeb/index.php/Home/Index/upload
INFO: [ app_begin ] --START--
INFO: Run Behavior\ReadHtmlCacheBehavior [ RunTime:0.002000s ]
INFO: [ app_begin ] --END-- [ RunTime:0.003001s ]
NOTIC: [2] call_user_func() expects parameter 1 to be a valid callback, no array or string given D:\wamp\www\travelWeb\ThinkPHP\Library\Think\Upload.class.php 第 170 行.

[ 2017-04-15T20:35:30+08:00 ] ::1 /travelWeb/index.php/Home/Index/editInfo
INFO: [ app_begin ] --START--
INFO: Run Behavior\ReadHtmlCacheBehavior [ RunTime:0.002000s ]
INFO: [ app_begin ] --END-- [ RunTime:0.002000s ]

[ 2017-04-15T20:36:31+08:00 ] ::1 /travelWeb/index.php/Home/Index/editInfo
INFO: [ app_begin ] --START--
INFO: Run Behavior\ReadHtmlCacheBehavior [ RunTime:0.000000s ]
INFO: [ app_begin ] --END-- [ RunTime:0.002000s ]

[ 2017-04-15T20:36:49+08:00 ] ::1 /travelWeb/index.php/Home/Inde
ERR: 无法加载控制器:Inde

[ 2017-04-15T20:36:55+08:00 ] ::1 /travelWeb/index.php/Home/Inde
ERR: 无法加载控制器:Inde

[ 2017-04-15T20:39:41+08:00 ] ::1 /travelWeb/index.php/Home/Index/editInfo
INFO: [ app_begin ] --START--
INFO: Run Behavior\ReadHtmlCacheBehavior [ RunTime:0.001000s ]
INFO: [ app_begin ] --END-- [ RunTime:0.002000s ]

[ 2017-04-15T20:39:43+08:00 ] ::1 /travelWeb/index.php/Home/Index/upload
ERR: 非法操作:upload

[ 2017-04-15T20:41:35+08:00 ] ::1 /travelWeb/index.php/Home/Index/upload
ERR: 非法操作:upload

[ 2017-04-15T20:41:53+08:00 ] ::1 /travelWeb/index.php/Home/Index/editInfo
INFO: [ app_begin ] --START--
INFO: Run Behavior\ReadHtmlCacheBehavior [ RunTime:0.001000s ]
INFO: [ app_begin ] --END-- [ RunTime:0.001000s ]
NOTIC: [2] call_user_func() expects parameter 1 to be a valid callback, no array or string given D:\wamp\www\travelWeb\ThinkPHP\Library\Think\Upload.class.php 第 170 行.

[ 2017-04-15T20:41:54+08:00 ] ::1 /travelWeb/index.php/Home/Index/upload
ERR: 非法操作:upload

[ 2017-04-15T20:42:52+08:00 ] ::1 /travelWeb/index.php/Home/Index/editInfo
INFO: [ app_begin ] --START--
INFO: Run Behavior\ReadHtmlCacheBehavior [ RunTime:0.001000s ]
INFO: [ app_begin ] --END-- [ RunTime:0.002000s ]
NOTIC: [2] call_user_func() expects parameter 1 to be a valid callback, no array or string given D:\wamp\www\travelWeb\ThinkPHP\Library\Think\Upload.class.php 第 170 行.

[ 2017-04-15T20:42:59+08:00 ] ::1 /travelWeb/index.php/Home/Index/upload
ERR: 非法操作:upload

[ 2017-04-15T20:43:54+08:00 ] ::1 /travelWeb/index.php/Home/Index/editInfo
INFO: [ app_begin ] --START--
INFO: Run Behavior\ReadHtmlCacheBehavior [ RunTime:0.001000s ]
INFO: [ app_begin ] --END-- [ RunTime:0.002000s ]
NOTIC: [2] call_user_func() expects parameter 1 to be a valid callback, no array or string given D:\wamp\www\travelWeb\ThinkPHP\Library\Think\Upload.class.php 第 170 行.

[ 2017-04-15T20:43:55+08:00 ] ::1 /travelWeb/index.php/Home/Index/upload
ERR: 非法操作:upload

[ 2017-04-15T20:45:18+08:00 ] ::1 /travelWeb/index.php/Home/Index/upload
ERR: 非法操作:upload

[ 2017-04-15T20:45:27+08:00 ] ::1 /travelWeb/index.php/Home/Index/editInfo
INFO: [ app_begin ] --START--
INFO: Run Behavior\ReadHtmlCacheBehavior [ RunTime:0.001001s ]
INFO: [ app_begin ] --END-- [ RunTime:0.002001s ]
INFO: [ app_end ] --START--
INFO: Run Behavior\ShowPageTraceBehavior [ RunTime:0.001000s ]
INFO: [ app_end ] --END-- [ RunTime:0.001000s ]

[ 2017-04-15T20:45:29+08:00 ] ::1 /travelWeb/index.php/Home/Index/upload
ERR: 非法操作:upload

[ 2017-04-15T20:58:01+08:00 ] ::1 /travelWeb/index.php/Home/Index/editInfo
INFO: [ app_begin ] --START--
INFO: Run Behavior\ReadHtmlCacheBehavior [ RunTime:0.001000s ]
INFO: [ app_begin ] --END-- [ RunTime:0.002000s ]
NOTIC: [2] call_user_func() expects parameter 1 to be a valid callback, no array or string given D:\wamp\www\travelWeb\ThinkPHP\Library\Think\Upload.class.php 第 170 行.

[ 2017-04-15T20:58:03+08:00 ] ::1 /travelWeb/index.php/Home/Index/upload
ERR: 非法操作:upload

[ 2017-04-15T21:00:16+08:00 ] ::1 /travelWeb/index.php/Home/Index/editInfo
INFO: [ app_begin ] --START--
INFO: Run Behavior\ReadHtmlCacheBehavior [ RunTime:0.001000s ]
INFO: [ app_begin ] --END-- [ RunTime:0.002000s ]

[ 2017-04-15T21:00:18+08:00 ] ::1 /travelWeb/index.php/Home/Index/upload
ERR: 非法操作:upload

[ 2017-04-15T21:01:38+08:00 ] ::1 /travelWeb/index.php/Home/Index/editInfo
INFO: [ app_begin ] --START--
INFO: Run Behavior\ReadHtmlCacheBehavior [ RunTime:0.001000s ]
INFO: [ app_begin ] --END-- [ RunTime:0.001000s ]

[ 2017-04-15T21:02:24+08:00 ] ::1 /travelWeb/index.php/Home/Index/upload
ERR: 非法操作:upload

[ 2017-04-15T21:03:33+08:00 ] ::1 /travelWeb/index.php/Home/Index/editInfo
INFO: [ app_begin ] --START--
INFO: Run Behavior\ReadHtmlCacheBehavior [ RunTime:0.001000s ]
INFO: [ app_begin ] --END-- [ RunTime:0.002000s ]

[ 2017-04-15T21:03:36+08:00 ] ::1 /travelWeb/index.php/Home/Index/upload
ERR: 非法操作:upload

[ 2017-04-15T21:04:45+08:00 ] ::1 /travelWeb/index.php/Home/Index/editInfo
INFO: [ app_begin ] --START--
INFO: Run Behavior\ReadHtmlCacheBehavior [ RunTime:0.000000s ]
INFO: [ app_begin ] --END-- [ RunTime:0.002000s ]
NOTIC: [2] call_user_func() expects parameter 1 to be a valid callback, no array or string given D:\wamp\www\travelWeb\ThinkPHP\Library\Think\Upload.class.php 第 170 行.

[ 2017-04-15T21:04:46+08:00 ] ::1 /travelWeb/index.php/Home/Index/upload
ERR: 非法操作:upload

[ 2017-04-15T21:15:20+08:00 ] ::1 /travelWeb/index.php/Home/Index/editInfo
INFO: [ app_begin ] --START--
INFO: Run Behavior\ReadHtmlCacheBehavior [ RunTime:0.001000s ]
INFO: [ app_begin ] --END-- [ RunTime:0.002000s ]
NOTIC: [2] call_user_func() expects parameter 1 to be a valid callback, no array or string given D:\wamp\www\travelWeb\ThinkPHP\Library\Think\Upload.class.php 第 170 行.
NOTIC: [8] Undefined index: file D:\wamp\www\travelWeb\Home\Controller\IndexController.class.php 第 198 行.

[ 2017-04-15T21:15:22+08:00 ] ::1 /travelWeb/index.php/Home/Index/upload
ERR: 非法操作:upload

[ 2017-04-15T21:18:26+08:00 ] ::1 /travelWeb/index.php/Home/Index/editInfo
INFO: [ app_begin ] --START--
INFO: Run Behavior\ReadHtmlCacheBehavior [ RunTime:0.001000s ]
INFO: [ app_begin ] --END-- [ RunTime:0.001000s ]
NOTIC: [2] call_user_func() expects parameter 1 to be a valid callback, no array or string given D:\wamp\www\travelWeb\ThinkPHP\Library\Think\Upload.class.php 第 170 行.
NOTIC: [8] Undefined index: file D:\wamp\www\travelWeb\Home\Controller\IndexController.class.php 第 198 行.

[ 2017-04-15T21:18:26+08:00 ] ::1 /travelWeb/index.php/Home/Index/upload
ERR: 非法操作:upload

[ 2017-04-15T21:18:46+08:00 ] ::1 /travelWeb/index.php/Home/Index/editInfo
INFO: [ app_begin ] --START--
INFO: Run Behavior\ReadHtmlCacheBehavior [ RunTime:0.006000s ]
INFO: [ app_begin ] --END-- [ RunTime:0.011001s ]
NOTIC: [2] call_user_func() expects parameter 1 to be a valid callback, no array or string given D:\wamp\www\travelWeb\ThinkPHP\Library\Think\Upload.class.php 第 170 行.
NOTIC: [8] Undefined index: file D:\wamp\www\travelWeb\Home\Controller\IndexController.class.php 第 198 行.

[ 2017-04-15T21:18:46+08:00 ] ::1 /travelWeb/index.php/Home/Index/upload
ERR: 非法操作:upload

[ 2017-04-15T21:18:58+08:00 ] ::1 /travelWeb/index.php/Home/Index/editInfo
INFO: [ app_begin ] --START--
INFO: Run Behavior\ReadHtmlCacheBehavior [ RunTime:0.001000s ]
INFO: [ app_begin ] --END-- [ RunTime:0.002000s ]
NOTIC: [2] call_user_func() expects parameter 1 to be a valid callback, no array or string given D:\wamp\www\travelWeb\ThinkPHP\Library\Think\Upload.class.php 第 170 行.
NOTIC: [8] Undefined index: file D:\wamp\www\travelWeb\Home\Controller\IndexController.class.php 第 198 行.

[ 2017-04-15T21:18:58+08:00 ] ::1 /travelWeb/index.php/Home/Index/upload
ERR: 非法操作:upload

[ 2017-04-15T21:19:33+08:00 ] ::1 /travelWeb/index.php/Home/Index/editInfo
INFO: [ app_begin ] --START--
INFO: Run Behavior\ReadHtmlCacheBehavior [ RunTime:0.002000s ]
INFO: [ app_begin ] --END-- [ RunTime:0.002000s ]
NOTIC: [2] call_user_func() expects parameter 1 to be a valid callback, no array or string given D:\wamp\www\travelWeb\ThinkPHP\Library\Think\Upload.class.php 第 170 行.
NOTIC: [8] Undefined index: file D:\wamp\www\travelWeb\Home\Controller\IndexController.class.php 第 198 行.

[ 2017-04-15T21:19:33+08:00 ] ::1 /travelWeb/index.php/Home/Index/upload
ERR: 非法操作:upload

[ 2017-04-15T21:19:49+08:00 ] ::1 /travelWeb/index.php/Home/Index/upload
ERR: 非法操作:upload

[ 2017-04-15T21:19:49+08:00 ] ::1 /travelWeb/index.php/Home/Index/editInfo
INFO: [ app_begin ] --START--
INFO: Run Behavior\ReadHtmlCacheBehavior [ RunTime:0.002000s ]
INFO: [ app_begin ] --END-- [ RunTime:0.003000s ]

[ 2017-04-15T21:20:33+08:00 ] ::1 /travelWeb/index.php/Home/Index/editInfo
INFO: [ app_begin ] --START--
INFO: Run Behavior\ReadHtmlCacheBehavior [ RunTime:0.001000s ]
INFO: [ app_begin ] --END-- [ RunTime:0.002000s ]

[ 2017-04-15T21:20:38+08:00 ] ::1 /travelWeb/index.php/Home/Index/editInfo
INFO: [ app_begin ] --START--
INFO: Run Behavior\ReadHtmlCacheBehavior [ RunTime:0.001000s ]
INFO: [ app_begin ] --END-- [ RunTime:0.002000s ]
NOTIC: [2] call_user_func() expects parameter 1 to be a valid callback, no array or string given D:\wamp\www\travelWeb\ThinkPHP\Library\Think\Upload.class.php 第 170 行.
NOTIC: [8] Undefined index: file D:\wamp\www\travelWeb\Home\Controller\IndexController.class.php 第 198 行.

[ 2017-04-15T21:20:49+08:00 ] ::1 /travelWeb/index.php/Home/Index/editInfo
INFO: [ app_begin ] --START--
INFO: Run Behavior\ReadHtmlCacheBehavior [ RunTime:0.001000s ]
INFO: [ app_begin ] --END-- [ RunTime:0.002000s ]
NOTIC: [2] call_user_func() expects parameter 1 to be a valid callback, no array or string given D:\wamp\www\travelWeb\ThinkPHP\Library\Think\Upload.class.php 第 170 行.
NOTIC: [8] Undefined index: file D:\wamp\www\travelWeb\Home\Controller\IndexController.class.php 第 198 行.

[ 2017-04-15T21:24:30+08:00 ] ::1 /travelWeb/index.php/Home/Index/editInfo
INFO: [ app_begin ] --START--
INFO: Run Behavior\ReadHtmlCacheBehavior [ RunTime:0.001000s ]
INFO: [ app_begin ] --END-- [ RunTime:0.001000s ]
NOTIC: [2] call_user_func() expects parameter 1 to be a valid callback, no array or string given D:\wamp\www\travelWeb\ThinkPHP\Library\Think\Upload.class.php 第 170 行.
NOTIC: [8] Undefined index: file D:\wamp\www\travelWeb\Home\Controller\IndexController.class.php 第 198 行.

[ 2017-04-15T21:25:12+08:00 ] ::1 /travelWeb/index.php/Home/Index/editInfo
INFO: [ app_begin ] --START--
INFO: Run Behavior\ReadHtmlCacheBehavior [ RunTime:0.001000s ]
INFO: [ app_begin ] --END-- [ RunTime:0.002000s ]
NOTIC: [2] call_user_func() expects parameter 1 to be a valid callback, no array or string given D:\wamp\www\travelWeb\ThinkPHP\Library\Think\Upload.class.php 第 170 行.
NOTIC: [8] Undefined index: file D:\wamp\www\travelWeb\Home\Controller\IndexController.class.php 第 198 行.

[ 2017-04-15T21:27:15+08:00 ] ::1 /travelWeb/index.php/Home/Index/editInfo
INFO: [ app_begin ] --START--
INFO: Run Behavior\ReadHtmlCacheBehavior [ RunTime:0.001000s ]
INFO: [ app_begin ] --END-- [ RunTime:0.001000s ]
NOTIC: [2] call_user_func() expects parameter 1 to be a valid callback, no array or string given D:\wamp\www\travelWeb\ThinkPHP\Library\Think\Upload.class.php 第 170 行.
NOTIC: [8] Undefined index: file D:\wamp\www\travelWeb\Home\Controller\IndexController.class.php 第 198 行.

[ 2017-04-15T21:28:35+08:00 ] ::1 /travelWeb/index.php/Home/Index/editInfo
INFO: [ app_begin ] --START--
INFO: Run Behavior\ReadHtmlCacheBehavior [ RunTime:0.001000s ]
INFO: [ app_begin ] --END-- [ RunTime:0.001000s ]
NOTIC: [2] call_user_func() expects parameter 1 to be a valid callback, no array or string given D:\wamp\www\travelWeb\ThinkPHP\Library\Think\Upload.class.php 第 170 行.
NOTIC: [8] Undefined index: file D:\wamp\www\travelWeb\Home\Controller\IndexController.class.php 第 198 行.

[ 2017-04-15T21:30:38+08:00 ] ::1 /travelWeb/index.php/Home/Index/editInfo
INFO: [ app_begin ] --START--
INFO: Run Behavior\ReadHtmlCacheBehavior [ RunTime:0.001000s ]
INFO: [ app_begin ] --END-- [ RunTime:0.001000s ]
NOTIC: [2] call_user_func() expects parameter 1 to be a valid callback, no array or string given D:\wamp\www\travelWeb\ThinkPHP\Library\Think\Upload.class.php 第 170 行.
NOTIC: [8] Undefined index: file D:\wamp\www\travelWeb\Home\Controller\IndexController.class.php 第 199 行.

[ 2017-04-15T21:49:10+08:00 ] ::1 /travelWeb/index.php/Home/Index/editInfo
INFO: [ app_begin ] --START--
INFO: Run Behavior\ReadHtmlCacheBehavior [ RunTime:0.001000s ]
INFO: [ app_begin ] --END-- [ RunTime:0.002000s ]
NOTIC: [2] call_user_func() expects parameter 1 to be a valid callback, no array or string given D:\wamp\www\travelWeb\ThinkPHP\Library\Think\Upload.class.php 第 170 行.
NOTIC: [8] Undefined index: file D:\wamp\www\travelWeb\Home\Controller\IndexController.class.php 第 199 行.

[ 2017-04-15T21:49:26+08:00 ] ::1 /travelWeb/index.php/Home/Index/editInfo
INFO: [ app_begin ] --START--
INFO: Run Behavior\ReadHtmlCacheBehavior [ RunTime:0.001000s ]
INFO: [ app_begin ] --END-- [ RunTime:0.002000s ]
NOTIC: [2] call_user_func() expects parameter 1 to be a valid callback, no array or string given D:\wamp\www\travelWeb\ThinkPHP\Library\Think\Upload.class.php 第 170 行.
NOTIC: [8] Undefined index: file D:\wamp\www\travelWeb\Home\Controller\IndexController.class.php 第 199 行.

[ 2017-04-15T21:49:51+08:00 ] ::1 /travelWeb/index.php/Home/Index/editInfo
INFO: [ app_begin ] --START--
INFO: Run Behavior\ReadHtmlCacheBehavior [ RunTime:0.001000s ]
INFO: [ app_begin ] --END-- [ RunTime:0.002001s ]
NOTIC: [2] call_user_func() expects parameter 1 to be a valid callback, no array or string given D:\wamp\www\travelWeb\ThinkPHP\Library\Think\Upload.class.php 第 170 行.
NOTIC: [8] Undefined index: file D:\wamp\www\travelWeb\Home\Controller\IndexController.class.php 第 199 行.

[ 2017-04-15T21:50:15+08:00 ] ::1 /travelWeb/index.php/Home/Index/editInfo
INFO: [ app_begin ] --START--
INFO: Run Behavior\ReadHtmlCacheBehavior [ RunTime:0.001000s ]
INFO: [ app_begin ] --END-- [ RunTime:0.002000s ]
NOTIC: [2] call_user_func() expects parameter 1 to be a valid callback, no array or string given D:\wamp\www\travelWeb\ThinkPHP\Library\Think\Upload.class.php 第 170 行.
NOTIC: [8] Undefined index: file D:\wamp\www\travelWeb\Home\Controller\IndexController.class.php 第 199 行.

[ 2017-04-15T21:53:14+08:00 ] ::1 /travelWeb/index.php/Home/Index/editInfo
INFO: [ app_begin ] --START--
INFO: Run Behavior\ReadHtmlCacheBehavior [ RunTime:0.001000s ]
INFO: [ app_begin ] --END-- [ RunTime:0.001000s ]
NOTIC: [2] call_user_func() expects parameter 1 to be a valid callback, no array or string given D:\wamp\www\travelWeb\ThinkPHP\Library\Think\Upload.class.php 第 170 行.
NOTIC: [8] Undefined index: file D:\wamp\www\travelWeb\Home\Controller\IndexController.class.php 第 199 行.

[ 2017-04-15T21:54:02+08:00 ] ::1 /travelWeb/index.php/Home/Index/editInfo
INFO: [ app_begin ] --START--
INFO: Run Behavior\ReadHtmlCacheBehavior [ RunTime:0.001000s ]
INFO: [ app_begin ] --END-- [ RunTime:0.001000s ]
NOTIC: [2] call_user_func() expects parameter 1 to be a valid callback, no array or string given D:\wamp\www\travelWeb\ThinkPHP\Library\Think\Upload.class.php 第 170 行.
NOTIC: [8] Undefined index: file D:\wamp\www\travelWeb\Home\Controller\IndexController.class.php 第 199 行.

[ 2017-04-15T22:12:12+08:00 ] ::1 /travelWeb/index.php/Home/Index/editInfo
INFO: [ app_begin ] --START--
INFO: Run Behavior\ReadHtmlCacheBehavior [ RunTime:0.000000s ]
INFO: [ app_begin ] --END-- [ RunTime:0.001000s ]
INFO: [ app_end ] --START--
INFO: Run Behavior\ShowPageTraceBehavior [ RunTime:0.001000s ]
INFO: [ app_end ] --END-- [ RunTime:0.001000s ]

[ 2017-04-15T22:23:02+08:00 ] ::1 /travelWeb/index.php/Home/Index/editInfo
INFO: [ app_begin ] --START--
INFO: Run Behavior\ReadHtmlCacheBehavior [ RunTime:0.003000s ]
INFO: [ app_begin ] --END-- [ RunTime:0.005000s ]
NOTIC: [8] Undefined variable: request D:\wamp\www\travelWeb\Home\Controller\IndexController.class.php 第 147 行.

[ 2017-04-15T22:24:28+08:00 ] ::1 /travelWeb/index.php/Home/Index/editInfo
INFO: [ app_begin ] --START--
INFO: Run Behavior\ReadHtmlCacheBehavior [ RunTime:0.002000s ]
INFO: [ app_begin ] --END-- [ RunTime:0.004000s ]
NOTIC: [8] Undefined variable: request D:\wamp\www\travelWeb\Home\Controller\IndexController.class.php 第 147 行.

[ 2017-04-15T22:25:43+08:00 ] ::1 /travelWeb/index.php/Home/Index/editInfo
INFO: [ app_begin ] --START--
INFO: Run Behavior\ReadHtmlCacheBehavior [ RunTime:0.001000s ]
INFO: [ app_begin ] --END-- [ RunTime:0.008001s ]
NOTIC: [8] Undefined variable: request D:\wamp\www\travelWeb\Home\Controller\IndexController.class.php 第 147 行.

[ 2017-04-15T22:42:34+08:00 ] ::1 /travelWeb/index.php/Home/Index/editInfo
INFO: [ app_begin ] --START--
INFO: Run Behavior\ReadHtmlCacheBehavior [ RunTime:0.001000s ]
INFO: [ app_begin ] --END-- [ RunTime:0.002000s ]
NOTIC: [8] Undefined variable: request D:\wamp\www\travelWeb\Home\Controller\IndexController.class.php 第 147 行.

[ 2017-04-15T22:49:45+08:00 ] ::1 /travelWeb/index.php/Home/Index/editInfo
INFO: [ app_begin ] --START--
INFO: Run Behavior\ReadHtmlCacheBehavior [ RunTime:0.002000s ]
INFO: [ app_begin ] --END-- [ RunTime:0.002000s ]
NOTIC: [8] Undefined variable: request D:\wamp\www\travelWeb\Home\Controller\IndexController.class.php 第 147 行.

[ 2017-04-15T23:33:34+08:00 ] ::1 /travelWeb/index.php/Home/Index/editInfo
INFO: [ app_begin ] --START--
INFO: Run Behavior\ReadHtmlCacheBehavior [ RunTime:0.002000s ]
INFO: [ app_begin ] --END-- [ RunTime:0.003000s ]
NOTIC: [8] Undefined variable: request D:\wamp\www\travelWeb\Home\Controller\IndexController.class.php 第 147 行.

[ 2017-04-15T23:40:52+08:00 ] ::1 /travelWeb/index.php/Home/Index/editInfo
INFO: [ app_begin ] --START--
INFO: Run Behavior\ReadHtmlCacheBehavior [ RunTime:0.002001s ]
INFO: [ app_begin ] --END-- [ RunTime:0.003001s ]
NOTIC: [8] Use of undefined constant __PUBLIC__ - assumed '__PUBLIC__' D:\wamp\www\travelWeb\Home\Controller\IndexController.class.php 第 168 行.
NOTIC: [2] move_uploaded_file(__PUBLIC__/userImgs0ce73d6fe87f55ef691f2378442e76f8.jpg): failed to open stream: No such file or directory D:\wamp\www\travelWeb\Home\Controller\IndexController.class.php 第 170 行.
NOTIC: [2] move_uploaded_file(): Unable to move 'D:\wamp\tmp\php238.tmp' to '__PUBLIC__/userImgs0ce73d6fe87f55ef691f2378442e76f8.jpg' D:\wamp\www\travelWeb\Home\Controller\IndexController.class.php 第 170 行.

[ 2017-04-15T23:41:15+08:00 ] ::1 /travelWeb/index.php/Home/Index/editInfo
INFO: [ app_begin ] --START--
INFO: Run Behavior\ReadHtmlCacheBehavior [ RunTime:0.002000s ]
INFO: [ app_begin ] --END-- [ RunTime:0.003000s ]
NOTIC: [8] Use of undefined constant __PUBLIC__ - assumed '__PUBLIC__' D:\wamp\www\travelWeb\Home\Controller\IndexController.class.php 第 168 行.
NOTIC: [2] move_uploaded_file(__PUBLIC__/userImgs0ce73d6fe87f55ef691f2378442e76f8.jpg): failed to open stream: No such file or directory D:\wamp\www\travelWeb\Home\Controller\IndexController.class.php 第 170 行.
NOTIC: [2] move_uploaded_file(): Unable to move 'D:\wamp\tmp\php5BFC.tmp' to '__PUBLIC__/userImgs0ce73d6fe87f55ef691f2378442e76f8.jpg' D:\wamp\www\travelWeb\Home\Controller\IndexController.class.php 第 170 行.

[ 2017-04-15T23:47:50+08:00 ] ::1 /travelWeb/index.php/Home/Index/editInfo
INFO: [ app_begin ] --START--
INFO: Run Behavior\ReadHtmlCacheBehavior [ RunTime:0.001000s ]
INFO: [ app_begin ] --END-- [ RunTime:0.002000s ]

[ 2017-04-15T23:48:51+08:00 ] ::1 /travelWeb/index.php/Home/Index/editInfo
INFO: [ app_begin ] --START--
INFO: Run Behavior\ReadHtmlCacheBehavior [ RunTime:0.001000s ]
INFO: [ app_begin ] --END-- [ RunTime:0.003000s ]

[ 2017-04-15T23:56:14+08:00 ] ::1 /travelWeb/index.php/Home/Index/editInfo
INFO: [ app_begin ] --START--
INFO: Run Behavior\ReadHtmlCacheBehavior [ RunTime:0.002000s ]
INFO: [ app_begin ] --END-- [ RunTime:0.004001s ]

[ 2017-04-15T23:57:02+08:00 ] ::1 /travelWeb/index.php/Home/Index/editInfo
INFO: [ app_begin ] --START--
INFO: Run Behavior\ReadHtmlCacheBehavior [ RunTime:0.002000s ]
INFO: [ app_begin ] --END-- [ RunTime:0.003000s ]
NOTIC: [2] move_uploaded_file(./Public/userImgs/20170415235702163image/jpeg): failed to open stream: No such file or directory D:\wamp\www\travelWeb\Home\Controller\IndexController.class.php 第 170 行.
NOTIC: [2] move_uploaded_file(): Unable to move 'D:\wamp\tmp\phpCEDF.tmp' to './Public/userImgs/20170415235702163image/jpeg' D:\wamp\www\travelWeb\Home\Controller\IndexController.class.php 第 170 行.

[ 2017-04-15T23:59:56+08:00 ] ::1 /travelWeb/index.php/Home/Index/editInfo
INFO: [ app_begin ] --START--
INFO: Run Behavior\ReadHtmlCacheBehavior [ RunTime:0.001000s ]
INFO: [ app_begin ] --END-- [ RunTime:0.001000s ]

