[ 2017-04-08T08:20:27+08:00 ] ::1 /travelWeb/index.php/Admin/Index/delTip
ERR: 非法操作:delTip

[ 2017-04-08T09:22:50+08:00 ] ::1 /travelWeb/index.php/Admin/Index/delTip
INFO: [ app_begin ] --START--
INFO: Run Behavior\ReadHtmlCacheBehavior [ RunTime:0.001000s ]
INFO: [ app_begin ] --END-- [ RunTime:0.002000s ]
SQL: SHOW COLUMNS FROM `tips` [ RunTime:0.0030s ]
SQL: DELETE FROM `tips` WHERE `tips_id` = 6 [ RunTime:0.0830s ]

[ 2017-04-08T09:23:15+08:00 ] ::1 /travelWeb/index.php/Admin/Index/delTip
INFO: [ app_begin ] --START--
INFO: Run Behavior\ReadHtmlCacheBehavior [ RunTime:0.001000s ]
INFO: [ app_begin ] --END-- [ RunTime:0.002000s ]
SQL: SHOW COLUMNS FROM `tips` [ RunTime:0.0040s ]
SQL: DELETE FROM `tips` WHERE `tips_id` = 2 [ RunTime:0.0532s ]

[ 2017-04-08T09:24:27+08:00 ] ::1 /travelWeb/index.php/Admin/Index/delTip
INFO: [ app_begin ] --START--
INFO: Run Behavior\ReadHtmlCacheBehavior [ RunTime:0.001000s ]
INFO: [ app_begin ] --END-- [ RunTime:0.002000s ]
SQL: SHOW COLUMNS FROM `tips` [ RunTime:0.0040s ]
SQL: DELETE FROM `tips` WHERE `tips_id` = 7 [ RunTime:0.0000s ]

[ 2017-04-08T09:25:16+08:00 ] ::1 /travelWeb/index.php/Admin/Index/addTip
INFO: [ app_begin ] --START--
INFO: Run Behavior\ReadHtmlCacheBehavior [ RunTime:0.000000s ]
INFO: [ app_begin ] --END-- [ RunTime:0.002000s ]
SQL: SHOW COLUMNS FROM `tips` [ RunTime:0.0030s ]
SQL: INSERT INTO `tips` (`tips_title`,`tags`,`tips_content`,`tips_author`,`tips_time`) VALUES ('asa','dsada','<p>请输入内容...</p>','admin','2017-04-08 09:25:16') [ RunTime:0.0555s ]

[ 2017-04-08T09:25:21+08:00 ] ::1 /travelWeb/index.php/Admin/Index/delTip
INFO: [ app_begin ] --START--
INFO: Run Behavior\ReadHtmlCacheBehavior [ RunTime:0.001000s ]
INFO: [ app_begin ] --END-- [ RunTime:0.002000s ]
SQL: SHOW COLUMNS FROM `tips` [ RunTime:0.0030s ]
SQL: DELETE FROM `tips` WHERE `tips_id` = 11 [ RunTime:0.0020s ]

[ 2017-04-08T09:31:37+08:00 ] ::1 /travelWeb/index.php/Admin/Index/addTip
INFO: [ app_begin ] --START--
INFO: Run Behavior\ReadHtmlCacheBehavior [ RunTime:0.000000s ]
INFO: [ app_begin ] --END-- [ RunTime:0.001000s ]
SQL: SHOW COLUMNS FROM `tips` [ RunTime:0.0040s ]
SQL: INSERT INTO `tips` (`tips_title`,`tags`,`tips_content`,`tips_author`,`tips_time`) VALUES ('dasdas','dsadas','<p>请输入内容...</p>','admin','2017-04-08 09:31:37') [ RunTime:0.0150s ]

[ 2017-04-08T09:31:41+08:00 ] ::1 /travelWeb/index.php/Admin/Index/delTip
INFO: [ app_begin ] --START--
INFO: Run Behavior\ReadHtmlCacheBehavior [ RunTime:0.004000s ]
INFO: [ app_begin ] --END-- [ RunTime:0.004000s ]
SQL: SHOW COLUMNS FROM `tips` [ RunTime:0.0030s ]
SQL: DELETE FROM `tips` WHERE `tips_id` = 12 [ RunTime:0.0010s ]

[ 2017-04-08T09:32:14+08:00 ] ::1 /travelWeb/index.php/Admin/Index/addTip
INFO: [ app_begin ] --START--
INFO: Run Behavior\ReadHtmlCacheBehavior [ RunTime:0.001000s ]
INFO: [ app_begin ] --END-- [ RunTime:0.002000s ]
SQL: SHOW COLUMNS FROM `tips` [ RunTime:0.0030s ]
SQL: INSERT INTO `tips` (`tips_title`,`tags`,`tips_content`,`tips_author`,`tips_time`) VALUES ('qwsad','dsada','<p>请输入内容...dasd</p>','admin','2017-04-08 09:32:14') [ RunTime:0.0010s ]

[ 2017-04-08T09:32:19+08:00 ] ::1 /travelWeb/index.php/Admin/Index/delTip
INFO: [ app_begin ] --START--
INFO: Run Behavior\ReadHtmlCacheBehavior [ RunTime:0.001000s ]
INFO: [ app_begin ] --END-- [ RunTime:0.002000s ]
SQL: SHOW COLUMNS FROM `tips` [ RunTime:0.0030s ]
SQL: DELETE FROM `tips` WHERE `tips_id` = 13 [ RunTime:0.0010s ]

[ 2017-04-08T09:33:24+08:00 ] ::1 /travelWeb/index.php/Admin/Index/addTip
INFO: [ app_begin ] --START--
INFO: Run Behavior\ReadHtmlCacheBehavior [ RunTime:0.002000s ]
INFO: [ app_begin ] --END-- [ RunTime:0.002000s ]
SQL: SHOW COLUMNS FROM `tips` [ RunTime:0.0000s ]
SQL: INSERT INTO `tips` (`tips_title`,`tags`,`tips_content`,`tips_author`,`tips_time`) VALUES ('sasd','dsada','<p>请输入内容...</p>','admin','2017-04-08 09:33:24') [ RunTime:0.0000s ]

[ 2017-04-08T09:33:27+08:00 ] ::1 /travelWeb/index.php/Admin/Index/delTip
INFO: [ app_begin ] --START--
INFO: Run Behavior\ReadHtmlCacheBehavior [ RunTime:0.001000s ]
INFO: [ app_begin ] --END-- [ RunTime:0.002000s ]
SQL: SHOW COLUMNS FROM `tips` [ RunTime:0.0030s ]
SQL: DELETE FROM `tips` WHERE `tips_id` = 14 [ RunTime:0.0010s ]

[ 2017-04-08T09:34:02+08:00 ] ::1 /travelWeb/index.php/Admin/Index/addTip
INFO: [ app_begin ] --START--
INFO: Run Behavior\ReadHtmlCacheBehavior [ RunTime:0.001000s ]
INFO: [ app_begin ] --END-- [ RunTime:0.001000s ]
SQL: SHOW COLUMNS FROM `tips` [ RunTime:0.0020s ]
SQL: INSERT INTO `tips` (`tips_title`,`tags`,`tips_content`,`tips_author`,`tips_time`) VALUES ('dsad','dsadad','<p>请输入内容...dasda</p>','admin','2017-04-08 09:34:02') [ RunTime:0.0020s ]

[ 2017-04-08T09:34:10+08:00 ] ::1 /travelWeb/index.php/Admin/Index/addTip
INFO: [ app_begin ] --START--
INFO: Run Behavior\ReadHtmlCacheBehavior [ RunTime:0.001000s ]
INFO: [ app_begin ] --END-- [ RunTime:0.002000s ]
SQL: SHOW COLUMNS FROM `tips` [ RunTime:0.0030s ]
SQL: INSERT INTO `tips` (`tips_title`,`tags`,`tips_content`,`tips_author`,`tips_time`) VALUES ('dsd','dsdfd','<p>请输入内容...fdfd</p>','admin','2017-04-08 09:34:10') [ RunTime:0.0020s ]

[ 2017-04-08T09:34:17+08:00 ] ::1 /travelWeb/index.php/Admin/Index/delTip
INFO: [ app_begin ] --START--
INFO: Run Behavior\ReadHtmlCacheBehavior [ RunTime:0.000000s ]
INFO: [ app_begin ] --END-- [ RunTime:0.000000s ]
SQL: SHOW COLUMNS FROM `tips` [ RunTime:0.0040s ]
SQL: DELETE FROM `tips` WHERE `tips_id` = 16 [ RunTime:0.0010s ]

[ 2017-04-08T09:38:21+08:00 ] ::1 /travelWeb/index.php/Admin/Index/delTip
INFO: [ app_begin ] --START--
INFO: Run Behavior\ReadHtmlCacheBehavior [ RunTime:0.001000s ]
INFO: [ app_begin ] --END-- [ RunTime:0.002000s ]
SQL: SHOW COLUMNS FROM `tips` [ RunTime:0.0040s ]
SQL: DELETE FROM `tips` WHERE `tips_id` = 15 [ RunTime:0.0010s ]

