[ 2017-04-11T11:12:05+08:00 ] ::1 /travelWeb/index.php/Admin/Index/searchTips
INFO: [ app_begin ] --START--
INFO: Run Behavior\ReadHtmlCacheBehavior [ RunTime:0.000000s ]
INFO: [ app_begin ] --END-- [ RunTime:0.000000s ]
SQL: SHOW COLUMNS FROM `tips` [ RunTime:0.0000s ]
SQL: SELECT * FROM `tips` WHERE `tips_title` LIKE '%123%'  [ RunTime:0.0000s ]

[ 2017-04-11T11:12:10+08:00 ] ::1 /travelWeb/index.php/Admin/Index/searchTips
INFO: [ app_begin ] --START--
INFO: Run Behavior\ReadHtmlCacheBehavior [ RunTime:0.000000s ]
INFO: [ app_begin ] --END-- [ RunTime:0.000000s ]
SQL: SHOW COLUMNS FROM `tips` [ RunTime:0.0000s ]
SQL: SELECT * FROM `tips` WHERE `tips_title` LIKE '%清明%'  [ RunTime:0.0000s ]

[ 2017-04-11T11:14:36+08:00 ] ::1 /travelWeb/index.php/Admin/Index/searchTips
INFO: [ app_begin ] --START--
INFO: Run Behavior\ReadHtmlCacheBehavior [ RunTime:0.000000s ]
INFO: [ app_begin ] --END-- [ RunTime:0.000000s ]
SQL: SHOW COLUMNS FROM `tips` [ RunTime:0.0000s ]
SQL: SELECT * FROM `tips` WHERE `tips_title` LIKE '%清明%'  [ RunTime:0.0000s ]

[ 2017-04-11T11:15:16+08:00 ] ::1 /travelWeb/index.php/Admin/Index/searchTips
INFO: [ app_begin ] --START--
INFO: Run Behavior\ReadHtmlCacheBehavior [ RunTime:0.000000s ]
INFO: [ app_begin ] --END-- [ RunTime:0.000000s ]
SQL: SHOW COLUMNS FROM `tips` [ RunTime:0.0000s ]
SQL: SELECT * FROM `tips` WHERE `tips_title` LIKE '%清明%'  [ RunTime:0.0000s ]

[ 2017-04-11T11:15:39+08:00 ] ::1 /travelWeb/index.php/Admin/Index/searchTips
INFO: [ app_begin ] --START--
INFO: Run Behavior\ReadHtmlCacheBehavior [ RunTime:0.000000s ]
INFO: [ app_begin ] --END-- [ RunTime:0.000000s ]
SQL: SHOW COLUMNS FROM `tips` [ RunTime:0.0000s ]
SQL: SELECT * FROM `tips` WHERE `tips_title` LIKE '%清明%'  [ RunTime:0.0000s ]

[ 2017-04-11T11:15:52+08:00 ] ::1 /travelWeb/index.php/Admin/Index/searchTips
INFO: [ app_begin ] --START--
INFO: Run Behavior\ReadHtmlCacheBehavior [ RunTime:0.000000s ]
INFO: [ app_begin ] --END-- [ RunTime:0.000000s ]
SQL: SHOW COLUMNS FROM `tips` [ RunTime:0.0156s ]
SQL: SELECT * FROM `tips` WHERE `tips_title` LIKE '%清明%'  [ RunTime:0.0000s ]

[ 2017-04-11T11:16:40+08:00 ] ::1 /travelWeb/index.php/Admin/Index/searchTips
INFO: [ app_begin ] --START--
INFO: Run Behavior\ReadHtmlCacheBehavior [ RunTime:0.000000s ]
INFO: [ app_begin ] --END-- [ RunTime:0.000000s ]
SQL: SHOW COLUMNS FROM `tips` [ RunTime:0.0000s ]
SQL: SELECT * FROM `tips` WHERE `tips_title` LIKE '%123%'  [ RunTime:0.0000s ]

[ 2017-04-11T11:16:44+08:00 ] ::1 /travelWeb/index.php/Admin/Index/searchTips
INFO: [ app_begin ] --START--
INFO: Run Behavior\ReadHtmlCacheBehavior [ RunTime:0.000000s ]
INFO: [ app_begin ] --END-- [ RunTime:0.000000s ]
SQL: SHOW COLUMNS FROM `tips` [ RunTime:0.0000s ]
SQL: SELECT * FROM `tips` WHERE `tips_title` LIKE '%清明%'  [ RunTime:0.0000s ]

[ 2017-04-11T11:17:18+08:00 ] ::1 /travelWeb/index.php/Admin/Index/searchTips
INFO: [ app_begin ] --START--
INFO: Run Behavior\ReadHtmlCacheBehavior [ RunTime:0.000000s ]
INFO: [ app_begin ] --END-- [ RunTime:0.000000s ]
SQL: SHOW COLUMNS FROM `tips` [ RunTime:0.0000s ]
SQL: SELECT * FROM `tips` WHERE `tips_title` LIKE '%清明%'  [ RunTime:0.0000s ]

[ 2017-04-11T16:51:22+08:00 ] ::1 /travelWeb/index.php/Admin/Index/searchTips
INFO: [ app_begin ] --START--
INFO: Run Behavior\ReadHtmlCacheBehavior [ RunTime:0.000000s ]
INFO: [ app_begin ] --END-- [ RunTime:0.000000s ]
SQL: SHOW COLUMNS FROM `tips` [ RunTime:0.0000s ]
SQL: SELECT * FROM `tips` WHERE `tips_title` LIKE '%清明%'  [ RunTime:0.0000s ]

[ 2017-04-11T16:51:30+08:00 ] ::1 /travelWeb/index.php/Admin/Index/searchTips
INFO: [ app_begin ] --START--
INFO: Run Behavior\ReadHtmlCacheBehavior [ RunTime:0.000000s ]
INFO: [ app_begin ] --END-- [ RunTime:0.000000s ]
SQL: SHOW COLUMNS FROM `tips` [ RunTime:0.0000s ]
SQL: SELECT * FROM `tips` WHERE `tips_title` LIKE '%清明%'  [ RunTime:0.0000s ]

[ 2017-04-11T16:54:46+08:00 ] ::1 /travelWeb/index.php/Admin/Index/searchTips
INFO: [ app_begin ] --START--
INFO: Run Behavior\ReadHtmlCacheBehavior [ RunTime:0.000000s ]
INFO: [ app_begin ] --END-- [ RunTime:0.015600s ]
SQL: SHOW COLUMNS FROM `tips` [ RunTime:0.0000s ]
SQL: SELECT * FROM `tips` WHERE `tips_title` LIKE '%清明%'  [ RunTime:0.0000s ]

[ 2017-04-11T16:56:14+08:00 ] ::1 /travelWeb/index.php/Admin/Index/searchTips
INFO: [ app_begin ] --START--
INFO: Run Behavior\ReadHtmlCacheBehavior [ RunTime:0.000000s ]
INFO: [ app_begin ] --END-- [ RunTime:0.015600s ]
SQL: SHOW COLUMNS FROM `tips` [ RunTime:0.0000s ]
SQL: SELECT * FROM `tips` WHERE `tips_title` LIKE '%123%'  [ RunTime:0.0000s ]

