[ 2017-03-08T09:52:33+08:00 ] ::1 /travelWeb/index.php/Admin/Index/%7B/travelWeb/index.php/Admin/Index%7D/getVerify
ERR: 非法操作:{

[ 2017-03-08T09:52:51+08:00 ] ::1 /travelWeb/index.php/Admin/Index/%7B/travelWeb/index.php/Admin/Index%7D/getVerify
ERR: 非法操作:{

[ 2017-03-08T09:52:52+08:00 ] ::1 /travelWeb/index.php/Admin/Index/%7B/travelWeb/index.php/Admin/Index%7D/getVerify
ERR: 非法操作:{

[ 2017-03-08T09:52:53+08:00 ] ::1 /travelWeb/index.php/Admin/Index/%7B/travelWeb/index.php/Admin/Index%7D/getVerify
ERR: 非法操作:{

[ 2017-03-08T09:53:13+08:00 ] ::1 /travelWeb/index.php/Admin/Index/%7B/travelWeb/index.php/Admin/Index%7D/getVerify/0.6526037897398038
ERR: 非法操作:{

[ 2017-03-08T09:53:14+08:00 ] ::1 /travelWeb/index.php/Admin/Index/%7B/travelWeb/index.php/Admin/Index%7D/getVerify/0.9064992325777428
ERR: 非法操作:{

[ 2017-03-08T09:57:54+08:00 ] ::1 /travelWeb/index.php/Admin/Index/%7B/travelWeb/index.php/Admin/Index%7D/getVerify
ERR: 非法操作:{

[ 2017-03-08T09:57:54+08:00 ] ::1 /travelWeb/index.php/Admin/Index/%7B/travelWeb/index.php/Admin/Index%7D/getVerify
ERR: 非法操作:{

[ 2017-03-08T10:03:40+08:00 ] ::1 /travelWeb/index.php/Admin/Index/%7B/travelWeb/index.php/Admin/Index%7D/getVerify
ERR: 非法操作:{

[ 2017-03-08T10:03:41+08:00 ] ::1 /travelWeb/index.php/Admin/Index/%7B/travelWeb/index.php/Admin/Index%7D/getVerify
ERR: 非法操作:{

[ 2017-03-08T10:04:16+08:00 ] ::1 /travelWeb/index.php/Admin/Index/%7B/travelWeb/index.php/Admin/Index%7D/getVerify
ERR: 非法操作:{

[ 2017-03-08T10:05:37+08:00 ] ::1 /travelWeb/index.php/Admin/Index/%7B/travelWeb/index.php%7D/getVerify
ERR: 非法操作:{

[ 2017-03-08T10:05:38+08:00 ] ::1 /travelWeb/index.php/Admin/Index/%7B/travelWeb/index.php%7D/getVerify
ERR: 非法操作:{

[ 2017-03-08T10:07:13+08:00 ] ::1 /travelWeb/index.php/Admin/Index/%7B/travelWeb/index.php/Admin/Index%7D/getVerify/0.6769741824316673
ERR: 非法操作:{

[ 2017-03-08T10:11:11+08:00 ] ::1 /travelWeb/index.php/Admin/Index/%3C/travelWeb/Admin/Public%3E/css/login.css
ERR: 非法操作:

[ 2017-03-08T10:11:14+08:00 ] ::1 /travelWeb/index.php/Admin/Index/%3C/travelWeb/Admin/Public%3E/css/login.css
ERR: 非法操作:

[ 2017-03-08T10:13:50+08:00 ] ::1 /travelWeb/index.php/Admin/Index/$Think.const.ADMIN_PUBLIC/css/login.css
ERR: 非法操作:$Think.const.ADMIN_PUBLIC

[ 2017-03-08T10:14:28+08:00 ] ::1 /travelWeb/index.php/Admin/Admin/admin.html
ERR: 无法加载控制器:Admin

[ 2017-03-08T10:16:42+08:00 ] ::1 /travelWeb/index.php/Admin/Admin/admin.html
ERR: 无法加载控制器:Admin

[ 2017-03-08T10:16:43+08:00 ] ::1 /travelWeb/index.php/Admin/Admin/admin.html
ERR: 无法加载控制器:Admin

[ 2017-03-08T10:16:43+08:00 ] ::1 /travelWeb/index.php/Admin/Admin/admin.html
ERR: 无法加载控制器:Admin

[ 2017-03-08T10:16:44+08:00 ] ::1 /travelWeb/index.php/Admin/Admin/admin.html
ERR: 无法加载控制器:Admin

[ 2017-03-08T10:16:44+08:00 ] ::1 /travelWeb/index.php/Admin/Admin/admin.html
ERR: 无法加载控制器:Admin

[ 2017-03-08T10:16:45+08:00 ] ::1 /travelWeb/index.php/Admin/Admin/admin.html
ERR: 无法加载控制器:Admin

[ 2017-03-08T10:16:45+08:00 ] ::1 /travelWeb/index.php/Admin/Admin/admin.html
ERR: 无法加载控制器:Admin

[ 2017-03-08T10:19:09+08:00 ] ::1 /travelWeb/index.php/Admin/Page1/page1.html
ERR: 无法加载控制器:Page1

[ 2017-03-08T10:20:47+08:00 ] ::1 /travelWeb/index.php/Admin/Houtai/houtai.html
ERR: 无法加载控制器:Houtai

[ 2017-03-08T10:21:03+08:00 ] ::1 /travelWeb/index.php/Admin/Houtai/houtai
ERR: 无法加载控制器:Houtai

[ 2017-03-08T10:21:07+08:00 ] ::1 /travelWeb/index.php/Admin/Houtai/houtai.html
ERR: 无法加载控制器:Houtai

[ 2017-03-08T10:21:12+08:00 ] ::1 /travelWeb/index.php/Admin/Houtai/houtai.html
ERR: 无法加载控制器:Houtai

[ 2017-03-08T10:21:34+08:00 ] ::1 /travelWeb/index.php/Admin/Houtai/houtai
ERR: 无法加载控制器:Houtai

[ 2017-03-08T10:22:10+08:00 ] ::1 /travelWeb/index.php/Admin/Houtai/houtai
ERR: 无法加载控制器:Houtai

[ 2017-03-08T10:22:11+08:00 ] ::1 /travelWeb/index.php/Admin/Houtai/houtai
ERR: 无法加载控制器:Houtai

[ 2017-03-08T10:22:12+08:00 ] ::1 /travelWeb/index.php/Admin/Houtai/houtai
ERR: 无法加载控制器:Houtai

[ 2017-03-08T10:22:12+08:00 ] ::1 /travelWeb/index.php/Admin/Houtai/houtai
ERR: 无法加载控制器:Houtai

[ 2017-03-08T10:23:41+08:00 ] ::1 /travelWeb/index.php/Admin/Houtai/houtai
ERR: 无法加载控制器:Houtai

[ 2017-03-08T10:28:27+08:00 ] ::1 /travelWeb/index.php/Admin/Houtai/houtai.html
ERR: 无法加载控制器:Houtai

[ 2017-03-08T10:29:13+08:00 ] ::1 /travelWeb/index.php/Admin/Houtai/houtai.html
ERR: 无法加载控制器:Houtai

[ 2017-03-08T10:29:14+08:00 ] ::1 /travelWeb/index.php/Admin/Houtai/houtai.html
ERR: 无法加载控制器:Houtai

[ 2017-03-08T10:29:14+08:00 ] ::1 /travelWeb/index.php/Admin/Houtai/houtai.html
ERR: 无法加载控制器:Houtai

[ 2017-03-08T10:29:14+08:00 ] ::1 /travelWeb/index.php/Admin/Houtai/houtai.html
ERR: 无法加载控制器:Houtai

[ 2017-03-08T10:29:14+08:00 ] ::1 /travelWeb/index.php/Admin/Houtai/houtai.html
ERR: 无法加载控制器:Houtai

[ 2017-03-08T10:29:15+08:00 ] ::1 /travelWeb/index.php/Admin/Houtai/houtai.html
ERR: 无法加载控制器:Houtai

[ 2017-03-08T10:29:15+08:00 ] ::1 /travelWeb/index.php/Admin/Houtai/houtai.html
ERR: 无法加载控制器:Houtai

[ 2017-03-08T10:29:15+08:00 ] ::1 /travelWeb/index.php/Admin/Houtai/houtai.html
ERR: 无法加载控制器:Houtai

[ 2017-03-08T10:29:15+08:00 ] ::1 /travelWeb/index.php/Admin/Houtai/houtai.html
ERR: 无法加载控制器:Houtai

[ 2017-03-08T10:29:15+08:00 ] ::1 /travelWeb/index.php/Admin/Houtai/houtai.html
ERR: 无法加载控制器:Houtai

[ 2017-03-08T10:29:16+08:00 ] ::1 /travelWeb/index.php/Admin/Houtai/houtai.html
ERR: 无法加载控制器:Houtai

[ 2017-03-08T10:34:05+08:00 ] ::1 /travelWeb/index.php/Admin/Houtai/houtai.html
ERR: 无法加载控制器:Houtai

[ 2017-03-08T10:34:27+08:00 ] ::1 /travelWeb/index.php/Admin/Houtai/houtai.html
ERR: 无法加载控制器:Houtai

[ 2017-03-08T10:34:31+08:00 ] ::1 /travelWeb/index.php/Admin/Houtai/houtai.html
ERR: 无法加载控制器:Houtai

[ 2017-03-08T10:34:33+08:00 ] ::1 /travelWeb/index.php/Admin/Houtai/houtai.html
ERR: 无法加载控制器:Houtai

[ 2017-03-08T10:34:35+08:00 ] ::1 /travelWeb/index.php/Admin/Houtai/houtai.html
ERR: 无法加载控制器:Houtai

[ 2017-03-08T10:35:49+08:00 ] ::1 /travelWeb/index.php/Admin/Houtai/houtai.html
ERR: 无法加载控制器:Houtai

[ 2017-03-08T10:36:23+08:00 ] ::1 /travelWeb/index.php/Admin/Houtai/houtai.html
ERR: 无法加载控制器:Houtai

[ 2017-03-08T10:36:29+08:00 ] ::1 /travelWeb/index.php/Admin/Houtai/houtai.html
ERR: 无法加载控制器:Houtai

[ 2017-03-08T10:42:36+08:00 ] ::1 /travelWeb/index.php/Admin/Index/login
ERR: 无法加载控制器:Index

[ 2017-03-08T10:42:38+08:00 ] ::1 /travelWeb/index.php/Admin/Index/getVerify
ERR: 无法加载控制器:Index

[ 2017-03-08T10:42:40+08:00 ] ::1 /travelWeb/index.php/Admin/Index/getVerify
ERR: 无法加载控制器:Index

[ 2017-03-08T10:42:43+08:00 ] ::1 /travelWeb/index.php/Admin/Login/login
ERR: 无法加载控制器:Login

[ 2017-03-08T10:42:48+08:00 ] ::1 /travelWeb/index.php/Admin/Login/login
ERR: 无法加载控制器:Login

[ 2017-03-08T10:42:51+08:00 ] ::1 /travelWeb/index.php/Admin/Login/login
ERR: 无法加载控制器:Login

[ 2017-03-08T10:43:55+08:00 ] ::1 /travelWeb/index.php/Admin/Login/login
ERR: 无法加载控制器:Login

[ 2017-03-08T10:43:56+08:00 ] ::1 /travelWeb/index.php/Admin/Login/login
ERR: 无法加载控制器:Login

[ 2017-03-08T10:43:56+08:00 ] ::1 /travelWeb/index.php/Admin/Login/login
ERR: 无法加载控制器:Login

[ 2017-03-08T10:43:57+08:00 ] ::1 /travelWeb/index.php/Admin/Login/login
ERR: 无法加载控制器:Login

[ 2017-03-08T10:43:57+08:00 ] ::1 /travelWeb/index.php/Admin/Login/login
ERR: 无法加载控制器:Login

[ 2017-03-08T10:51:34+08:00 ] ::1 /travelWeb/index.php/Admin/Login/login
ERR: 无法加载控制器:Login

[ 2017-03-08T10:53:10+08:00 ] ::1 /travelWeb/index.php/Admin/Login/login
ERR: 无法加载控制器:Login

[ 2017-03-08T10:53:11+08:00 ] ::1 /travelWeb/index.php/Admin/Login/login
ERR: 无法加载控制器:Login

[ 2017-03-08T10:53:11+08:00 ] ::1 /travelWeb/index.php/Admin/Login/login
ERR: 无法加载控制器:Login

[ 2017-03-08T10:53:16+08:00 ] ::1 /travelWeb/index.php/Admin/Login/index
ERR: 无法加载控制器:Login

[ 2017-03-08T10:55:27+08:00 ] ::1 /travelWeb/index.php/Admin/Login/index
ERR: 无法加载控制器:Login

[ 2017-03-08T11:01:32+08:00 ] ::1 /travelWeb/index.php/Admin/Login/index.html
ERR: 无法加载控制器:Login

[ 2017-03-08T11:27:38+08:00 ] ::1 /travelWeb/index.php/Admin/Login/index.html
ERR: 无法加载控制器:Login

[ 2017-03-08T11:28:04+08:00 ] ::1 /travelWeb/index.php/Admin/Login/index.html
ERR: 无法加载控制器:Login

[ 2017-03-08T11:28:42+08:00 ] ::1 /travelWeb/index.php/Admin/Login/index.html
ERR: 无法加载控制器:Login

[ 2017-03-08T11:28:47+08:00 ] ::1 /travelWeb/index.php/Admin/Login/index
ERR: 无法加载控制器:Login

[ 2017-03-08T11:28:53+08:00 ] ::1 /travelWeb/index.php/Admin/Login/index
ERR: 无法加载控制器:Login

[ 2017-03-08T11:29:00+08:00 ] ::1 /travelWeb/index.php/Admin/Login/index.html
ERR: 无法加载控制器:Login

[ 2017-03-08T11:30:52+08:00 ] ::1 /travelWeb/index.php/Admin/Login/index.html
ERR: 无法加载控制器:Login

[ 2017-03-08T11:30:59+08:00 ] ::1 /travelWeb/index.php/Admin/Login/index.html
ERR: 无法加载控制器:Login

[ 2017-03-08T11:31:14+08:00 ] ::1 /travelWeb/index.php/Admin/Login/index.html
ERR: 无法加载控制器:Login

[ 2017-03-08T11:34:30+08:00 ] ::1 /travelWeb/index.php/Admin/Login/index.html
ERR: 无法加载控制器:Login

[ 2017-03-08T11:34:31+08:00 ] ::1 /travelWeb/index.php/Admin/Login/index.html
ERR: 无法加载控制器:Login

[ 2017-03-08T11:34:35+08:00 ] ::1 /travelWeb/index.php/Admin/Login/index.html
ERR: 无法加载控制器:Login

[ 2017-03-08T11:34:45+08:00 ] ::1 /travelWeb/index.php/Admin/Login/index.html
ERR: 无法加载控制器:Login

[ 2017-03-08T11:37:23+08:00 ] ::1 /travelWeb/index.php/Admin/Login/index.html
ERR: 无法加载控制器:Login

[ 2017-03-08T11:37:24+08:00 ] ::1 /travelWeb/index.php/Admin/Login/index.html
ERR: 无法加载控制器:Login

[ 2017-03-08T11:43:40+08:00 ] ::1 /travelWeb/index.php/Admin/Login/index.html
ERR: 无法加载控制器:Login

[ 2017-03-08T11:43:42+08:00 ] ::1 /travelWeb/index.php/Admin/Login/index.html
ERR: 无法加载控制器:Login

[ 2017-03-08T11:43:43+08:00 ] ::1 /travelWeb/index.php/Admin/Login/index.html
ERR: 无法加载控制器:Login

[ 2017-03-08T11:43:44+08:00 ] ::1 /travelWeb/index.php/Admin/Login/index.html
ERR: 无法加载控制器:Login

[ 2017-03-08T14:28:50+08:00 ] ::1 /travelWeb/index.php/Admin/Login/index.html
ERR: 无法加载控制器:Login

[ 2017-03-08T14:31:25+08:00 ] ::1 /travelWeb/index.php/Admin/Login/index.html
ERR: 无法加载控制器:Login

[ 2017-03-08T14:31:28+08:00 ] ::1 /travelWeb/index.php/Admin/Login/index.html
ERR: 无法加载控制器:Login

[ 2017-03-08T14:31:32+08:00 ] ::1 /travelWeb/index.php/Admin/Login/index.html
ERR: 无法加载控制器:Login

[ 2017-03-08T14:31:41+08:00 ] ::1 /travelWeb/index.php/Admin/Login/index
ERR: 无法加载控制器:Login

[ 2017-03-08T14:31:47+08:00 ] ::1 /travelWeb/index.php/Admin/Login/index.html
ERR: 无法加载控制器:Login

