[ 2017-03-06T15:39:57+08:00 ] ::1 /travelWeb/index.php/Admin/Index/checkLogin
INFO: [ app_init ] --START--
INFO: Run Behavior\BuildLiteBehavior [ RunTime:0.000000s ]
INFO: [ app_init ] --END-- [ RunTime:0.001000s ]
INFO: [ app_begin ] --START--
INFO: Run Behavior\ReadHtmlCacheBehavior [ RunTime:0.001000s ]
INFO: [ app_begin ] --END-- [ RunTime:0.001000s ]
ERR: 无法加载控制器:Index

[ 2017-03-06T15:40:35+08:00 ] ::1 /travelWeb/index.php/Admin/Index/index
INFO: [ app_init ] --START--
INFO: Run Behavior\BuildLiteBehavior [ RunTime:0.000000s ]
INFO: [ app_init ] --END-- [ RunTime:0.000000s ]
INFO: [ app_begin ] --START--
INFO: Run Behavior\ReadHtmlCacheBehavior [ RunTime:0.001000s ]
INFO: [ app_begin ] --END-- [ RunTime:0.001000s ]
ERR: 无法加载控制器:Index

[ 2017-03-06T15:56:44+08:00 ] ::1 /travelWeb/index.php/Admin
INFO: [ app_init ] --START--
INFO: Run Behavior\BuildLiteBehavior [ RunTime:0.000000s ]
INFO: [ app_init ] --END-- [ RunTime:0.000000s ]
INFO: [ app_begin ] --START--
INFO: Run Behavior\ReadHtmlCacheBehavior [ RunTime:0.001000s ]
INFO: [ app_begin ] --END-- [ RunTime:0.001000s ]
ERR: 无法加载控制器:Index

[ 2017-03-06T15:56:54+08:00 ] ::1 /travelWeb/index.php/Admin/Index/ondex
INFO: [ app_init ] --START--
INFO: Run Behavior\BuildLiteBehavior [ RunTime:0.000000s ]
INFO: [ app_init ] --END-- [ RunTime:0.000000s ]
INFO: [ app_begin ] --START--
INFO: Run Behavior\ReadHtmlCacheBehavior [ RunTime:0.001000s ]
INFO: [ app_begin ] --END-- [ RunTime:0.001000s ]
ERR: 无法加载控制器:Index

[ 2017-03-06T15:57:00+08:00 ] ::1 /travelWeb/index.php/Admin/Index/ondex
INFO: [ app_init ] --START--
INFO: Run Behavior\BuildLiteBehavior [ RunTime:0.000000s ]
INFO: [ app_init ] --END-- [ RunTime:0.001000s ]
INFO: [ app_begin ] --START--
INFO: Run Behavior\ReadHtmlCacheBehavior [ RunTime:0.001000s ]
INFO: [ app_begin ] --END-- [ RunTime:0.001000s ]
ERR: 无法加载控制器:Index

[ 2017-03-06T15:57:04+08:00 ] ::1 /travelWeb/index.php/Admin/Index/index
INFO: [ app_init ] --START--
INFO: Run Behavior\BuildLiteBehavior [ RunTime:0.000000s ]
INFO: [ app_init ] --END-- [ RunTime:0.001001s ]
INFO: [ app_begin ] --START--
INFO: Run Behavior\ReadHtmlCacheBehavior [ RunTime:0.001000s ]
INFO: [ app_begin ] --END-- [ RunTime:0.001000s ]
ERR: 无法加载控制器:Index

[ 2017-03-06T16:01:12+08:00 ] ::1 /travelWeb/index.php/Admin/Index/index
ERR: 无法加载控制器:Index

[ 2017-03-06T16:01:12+08:00 ] ::1 /travelWeb/index.php/Admin/Index/index
ERR: 无法加载控制器:Index

[ 2017-03-06T16:01:13+08:00 ] ::1 /travelWeb/index.php/Admin/Index/index
ERR: 无法加载控制器:Index

[ 2017-03-06T16:01:14+08:00 ] ::1 /travelWeb/index.php/Admin/Index/index
ERR: 无法加载控制器:Index

[ 2017-03-06T16:01:14+08:00 ] ::1 /travelWeb/index.php/Admin/Index/index
ERR: 无法加载控制器:Index

[ 2017-03-06T16:01:54+08:00 ] ::1 /travelWeb/index.php/Admin/Index/index
ERR: 无法加载控制器:Index

[ 2017-03-06T16:01:54+08:00 ] ::1 /travelWeb/index.php/Admin/Index/index
ERR: 无法加载控制器:Index

[ 2017-03-06T16:01:55+08:00 ] ::1 /travelWeb/index.php/Admin/Index/index
ERR: 无法加载控制器:Index

[ 2017-03-06T16:02:15+08:00 ] ::1 /travelWeb/index.php/Admin/Index/index
ERR: 无法加载控制器:Index

[ 2017-03-06T16:02:16+08:00 ] ::1 /travelWeb/index.php/Admin/Index/index
ERR: 无法加载控制器:Index

[ 2017-03-06T16:02:17+08:00 ] ::1 /travelWeb/index.php/Admin/Index/index
ERR: 无法加载控制器:Index

[ 2017-03-06T16:02:17+08:00 ] ::1 /travelWeb/index.php/Admin/Index/index
ERR: 无法加载控制器:Index

[ 2017-03-06T16:02:17+08:00 ] ::1 /travelWeb/index.php/Admin/Index/index
ERR: 无法加载控制器:Index

[ 2017-03-06T16:04:38+08:00 ] ::1 /travelWeb/index.php/Admin/Index/index
ERR: 无法加载控制器:Index

[ 2017-03-06T16:04:38+08:00 ] ::1 /travelWeb/index.php/Admin/Index/index
ERR: 无法加载控制器:Index

[ 2017-03-06T16:04:39+08:00 ] ::1 /travelWeb/index.php/Admin/Index/index
ERR: 无法加载控制器:Index

[ 2017-03-06T16:05:08+08:00 ] ::1 /travelWeb/index.php/Admin/Index/index
ERR: 无法加载控制器:Index

[ 2017-03-06T16:05:09+08:00 ] ::1 /travelWeb/index.php/Admin/Index/index
ERR: 无法加载控制器:Index

[ 2017-03-06T16:05:36+08:00 ] ::1 /travelWeb/index.php/Admin/Index/index
ERR: 无法加载控制器:Index

[ 2017-03-06T18:08:50+08:00 ] ::1 /travelWeb/index.php/Admin/Public/css/login.css
ERR: 无法加载控制器:Public

[ 2017-03-06T18:08:51+08:00 ] ::1 /travelWeb/index.php/Admin/Public/css/login.css
ERR: 无法加载控制器:Public

